[2017-07-03 10:33:13.338] [INFO] console - Express server listening on port 3000
[2017-07-03 10:33:56.842] [INFO] record - GET /role/list
[2017-07-03 10:33:58.939] [INFO] record - OPTIONS /login
[2017-07-03 10:33:59.031] [INFO] record - POST /login
[2017-07-03 10:33:59.146] [INFO] record - GET /role/list
[2017-07-03 10:34:00.516] [INFO] record - GET /user/list
[2017-07-03 10:34:00.666] [INFO] record - GET /role/list
[2017-07-03 10:34:00.690] [INFO] record - GET /client/list
[2017-07-03 10:34:10.113] [INFO] record - GET /role/list
[2017-07-03 10:34:11.137] [INFO] record - GET /version/list
[2017-07-03 10:54:05.635] [INFO] record - GET /user/list
[2017-07-03 10:54:05.670] [INFO] record - GET /client/list
[2017-07-03 13:56:39.167] [INFO] console - Express server listening on port 3000
[2017-07-03 13:57:21.561] [INFO] record - OPTIONS /login
[2017-07-03 13:57:21.764] [INFO] record - POST /login
[2017-07-03 13:57:22.014] [INFO] record - GET /user/list
[2017-07-03 13:57:22.142] [INFO] record - GET /client/list
[2017-07-03 15:10:32.255] [INFO] record - GET /role/list
[2017-07-03 15:10:32.263] [INFO] record - GET /client/list
[2017-07-03 15:10:32.266] [INFO] record - GET /user/list
[2017-07-03 15:10:36.068] [INFO] record - GET /islogin
[2017-07-03 15:10:38.201] [INFO] record - OPTIONS /login
[2017-07-03 15:10:38.335] [INFO] record - POST /login
[2017-07-03 15:10:38.587] [INFO] record - GET /user/list
[2017-07-03 15:10:38.687] [INFO] record - GET /client/list
[2017-07-03 15:10:38.720] [INFO] record - GET /role/list
[2017-07-03 15:10:40.884] [INFO] record - GET /user/list
[2017-07-03 15:10:40.978] [INFO] record - GET /client/list
[2017-07-03 15:13:40.597] [INFO] console - Express server listening on port 3000
[2017-07-03 15:37:42.223] [INFO] record - OPTIONS /client/service/list
[2017-07-03 15:37:42.389] [INFO] record - POST /client/service/list
[2017-07-03 15:38:17.875] [INFO] record - GET /user/list
[2017-07-03 15:38:17.937] [INFO] record - GET /client/list
[2017-07-03 15:38:54.740] [INFO] record - OPTIONS /client/service/list
[2017-07-03 15:38:54.785] [INFO] record - POST /client/service/list
[2017-07-03 15:41:18.027] [INFO] record - GET /user/list
[2017-07-03 15:41:18.069] [INFO] record - GET /client/list
[2017-07-03 15:46:38.781] [INFO] record - GET /islogin
[2017-07-03 15:46:39.408] [INFO] record - GET /user/list
[2017-07-03 15:46:39.445] [INFO] record - GET /client/list
[2017-07-03 15:53:28.088] [INFO] record - OPTIONS /client/service/list
[2017-07-03 15:53:28.149] [INFO] record - POST /client/service/list
[2017-07-03 15:53:29.368] [INFO] record - GET /user/list
[2017-07-03 15:53:29.405] [INFO] record - GET /client/list
[2017-07-03 15:53:30.737] [INFO] record - OPTIONS /client/service/list
[2017-07-03 15:53:30.792] [INFO] record - POST /client/service/list
[2017-07-03 15:53:32.494] [INFO] record - GET /user/list
[2017-07-03 15:53:32.533] [INFO] record - GET /client/list
[2017-07-03 15:53:34.057] [INFO] record - OPTIONS /client/service/list
[2017-07-03 15:53:34.088] [INFO] record - POST /client/service/list
[2017-07-03 15:53:35.098] [INFO] record - GET /user/list
[2017-07-03 15:53:35.131] [INFO] record - GET /client/list
[2017-07-03 15:55:23.322] [INFO] record - OPTIONS /client/service/list
[2017-07-03 15:55:23.346] [INFO] record - POST /client/service/list
[2017-07-03 15:55:24.508] [INFO] record - GET /user/list
[2017-07-03 15:55:24.534] [INFO] record - GET /client/list
[2017-07-03 15:57:38.384] [INFO] record - GET /role/list
[2017-07-03 15:57:54.976] [INFO] record - GET /user/list
[2017-07-03 15:57:55.000] [INFO] record - GET /client/list
[2017-07-03 15:57:58.737] [INFO] record - GET /user/list
[2017-07-03 15:57:58.783] [INFO] record - GET /role/list
[2017-07-03 15:57:58.789] [INFO] record - GET /client/list
[2017-07-03 15:58:00.249] [INFO] record - GET /user/list
[2017-07-03 15:58:00.284] [INFO] record - GET /client/list
[2017-07-03 15:58:01.396] [INFO] record - GET /user/list
[2017-07-03 15:58:01.413] [INFO] record - GET /role/list
[2017-07-03 15:58:01.422] [INFO] record - GET /client/list
[2017-07-03 15:58:02.224] [INFO] record - GET /user/list
[2017-07-03 15:58:02.244] [INFO] record - GET /client/list
[2017-07-03 15:59:10.989] [INFO] record - GET /user/list
[2017-07-03 15:59:11.010] [INFO] record - GET /role/list
[2017-07-03 15:59:11.036] [INFO] record - GET /client/list
[2017-07-03 15:59:12.534] [INFO] record - GET /user/list
[2017-07-03 15:59:12.557] [INFO] record - GET /client/list
[2017-07-03 16:02:34.265] [INFO] record - GET /role/list
[2017-07-03 16:07:49.430] [INFO] record - GET /user/list
[2017-07-03 16:07:49.456] [INFO] record - GET /client/list
[2017-07-03 16:07:58.916] [INFO] record - OPTIONS /client/service/list
[2017-07-03 16:07:58.957] [INFO] record - POST /client/service/list
[2017-07-03 16:08:05.113] [INFO] record - GET /user/list
[2017-07-03 16:08:05.138] [INFO] record - GET /client/list
[2017-07-03 16:08:08.784] [INFO] record - OPTIONS /client/service/list
[2017-07-03 16:08:08.816] [INFO] record - POST /client/service/list
[2017-07-03 16:19:44.174] [INFO] record - OPTIONS /client/service/list
[2017-07-03 16:19:44.232] [INFO] record - POST /client/service/list
[2017-07-03 16:19:46.394] [INFO] record - OPTIONS /login
[2017-07-03 16:19:46.557] [INFO] record - POST /login
[2017-07-03 16:19:46.624] [INFO] record - OPTIONS /client/service/list
[2017-07-03 16:19:46.667] [INFO] record - POST /client/service/list
[2017-07-03 16:19:50.265] [INFO] record - GET /user/list
[2017-07-03 16:19:50.286] [INFO] record - GET /client/list
[2017-07-03 16:22:15.050] [INFO] record - OPTIONS /client/update
[2017-07-03 16:22:15.141] [ERROR] console - mysql connected error: { Error: connect ECONNREFUSED 127.0.0.1:3306
    at Object.exports._errnoException (util.js:1018:11)
    at exports._exceptionWithHostPort (util.js:1041:20)
    at TCPConnectWrap.afterConnect [as oncomplete] (net.js:1086:14)
    --------------------
    at Protocol._enqueue (/Users/ludis/Mac/projects/Vue/backend/node_modules/._mysql@2.13.0@mysql/lib/protocol/Protocol.js:141:48)
    at Protocol.handshake (/Users/ludis/Mac/projects/Vue/backend/node_modules/._mysql@2.13.0@mysql/lib/protocol/Protocol.js:52:41)
    at PoolConnection.connect (/Users/ludis/Mac/projects/Vue/backend/node_modules/._mysql@2.13.0@mysql/lib/Connection.js:130:18)
    at Pool.getConnection (/Users/ludis/Mac/projects/Vue/backend/node_modules/._mysql@2.13.0@mysql/lib/Pool.js:48:16)
    at client.findOne.then (/Users/ludis/Mac/projects/Vue/backend/server/models/clientModels/updateClient.js:86:10)
    at process._tickCallback (internal/process/next_tick.js:109:7)
  code: 'ECONNREFUSED',
  errno: 'ECONNREFUSED',
  syscall: 'connect',
  address: '127.0.0.1',
  port: 3306,
  fatal: true }
[2017-07-03 16:22:15.175] [INFO] record - POST /client/update
[2017-07-03 16:26:43.383] [INFO] record - OPTIONS /client/update
[2017-07-03 16:26:43.527] [INFO] record - POST /client/update
[2017-07-03 16:27:10.337] [INFO] record - GET /user/list
[2017-07-03 16:27:10.372] [INFO] record - GET /client/list
[2017-07-03 16:27:18.835] [INFO] record - OPTIONS /client/update
[2017-07-03 16:27:18.880] [INFO] record - POST /client/update
[2017-07-03 16:33:16.480] [INFO] record - GET /role/list
[2017-07-03 16:34:22.712] [INFO] record - GET /user/list
[2017-07-03 16:34:22.765] [INFO] record - GET /role/list
[2017-07-03 16:34:22.767] [INFO] record - GET /client/list
[2017-07-03 16:34:24.642] [INFO] record - GET /user/list
[2017-07-03 16:34:24.673] [INFO] record - GET /client/list
[2017-07-03 16:34:41.942] [INFO] record - GET /user/list
[2017-07-03 16:34:41.984] [INFO] record - GET /role/list
[2017-07-03 16:34:41.992] [INFO] record - GET /client/list
[2017-07-03 16:35:00.315] [INFO] record - GET /user/list
[2017-07-03 16:35:00.324] [INFO] record - GET /client/list
[2017-07-03 16:35:25.058] [INFO] record - GET /user/list
[2017-07-03 16:35:25.076] [INFO] record - GET /client/list
[2017-07-03 16:35:25.083] [INFO] record - GET /role/list
[2017-07-03 16:35:26.733] [INFO] record - GET /user/list
[2017-07-03 16:35:26.799] [INFO] record - GET /client/list
[2017-07-03 16:35:32.949] [INFO] record - GET /user/list
[2017-07-03 16:35:32.997] [INFO] record - GET /role/list
[2017-07-03 16:35:33.021] [INFO] record - GET /client/list
[2017-07-03 16:35:42.172] [INFO] record - GET /user/list
[2017-07-03 16:35:42.196] [INFO] record - GET /client/list
[2017-07-03 16:35:59.957] [INFO] record - GET /role/list
[2017-07-03 16:36:01.716] [INFO] record - GET /user/list
[2017-07-03 16:36:01.748] [INFO] record - GET /client/list
[2017-07-03 16:36:03.062] [INFO] record - GET /user/list
[2017-07-03 16:36:03.081] [INFO] record - GET /client/list
[2017-07-03 16:36:03.087] [INFO] record - GET /role/list
[2017-07-03 16:36:04.336] [INFO] record - GET /user/list
[2017-07-03 16:36:04.364] [INFO] record - GET /client/list
[2017-07-03 16:36:05.717] [INFO] record - GET /role/list
[2017-07-03 16:36:06.524] [INFO] record - GET /user/list
[2017-07-03 16:36:06.545] [INFO] record - GET /client/list
[2017-07-03 16:36:54.014] [INFO] record - GET /version/list
[2017-07-03 16:36:54.493] [INFO] record - GET /role/list
[2017-07-03 16:37:04.152] [INFO] record - OPTIONS /role/update
[2017-07-03 16:37:04.236] [INFO] record - POST /role/update
[2017-07-03 16:37:04.325] [INFO] record - GET /role/list
[2017-07-03 16:37:11.114] [INFO] record - OPTIONS /role/update
[2017-07-03 16:37:11.151] [INFO] record - POST /role/update
[2017-07-03 16:37:11.223] [INFO] record - GET /role/list
[2017-07-03 16:37:17.970] [INFO] record - GET /role/list
[2017-07-03 16:37:17.988] [INFO] record - GET /user/list
[2017-07-03 16:37:18.021] [INFO] record - GET /client/list
[2017-07-03 16:37:24.765] [INFO] record - GET /user/list
[2017-07-03 16:37:24.799] [INFO] record - GET /client/list
[2017-07-03 16:37:25.847] [INFO] record - GET /role/list
[2017-07-03 16:40:32.034] [INFO] record - GET /logout
[2017-07-03 16:40:33.936] [INFO] record - OPTIONS /login
[2017-07-03 16:40:33.977] [INFO] record - POST /login
[2017-07-03 16:40:34.085] [INFO] record - GET /role/list
[2017-07-03 16:41:10.400] [INFO] record - OPTIONS /role/update
[2017-07-03 16:41:10.435] [INFO] record - POST /role/update
[2017-07-03 16:41:10.519] [INFO] record - GET /role/list
[2017-07-03 16:43:20.719] [INFO] record - GET /user/list
[2017-07-03 16:43:20.744] [INFO] record - GET /client/list
[2017-07-03 16:43:24.388] [INFO] record - GET /user/list
[2017-07-03 16:43:24.454] [INFO] record - GET /role/list
[2017-07-03 16:43:24.468] [INFO] record - GET /client/list
[2017-07-03 16:43:26.481] [INFO] record - GET /user/list
[2017-07-03 16:43:26.516] [INFO] record - GET /client/list
[2017-07-03 16:43:30.453] [INFO] record - GET /user/list
[2017-07-03 16:43:30.481] [INFO] record - GET /role/list
[2017-07-03 16:43:30.509] [INFO] record - GET /client/list
[2017-07-03 16:43:41.821] [INFO] record - GET /logout
[2017-07-03 16:43:46.108] [INFO] record - OPTIONS /login
[2017-07-03 16:43:46.129] [INFO] record - POST /login
[2017-07-03 16:43:46.203] [INFO] record - GET /role/list
[2017-07-03 16:43:46.219] [INFO] record - GET /user/list
[2017-07-03 16:43:47.936] [INFO] record - GET /user/list
[2017-07-03 16:44:07.493] [INFO] record - GET /islogin
[2017-07-03 16:44:08.199] [INFO] record - GET /user/list
[2017-07-03 16:44:42.180] [INFO] record - GET /logout
[2017-07-03 16:44:49.490] [INFO] record - OPTIONS /login
[2017-07-03 16:44:49.559] [INFO] record - POST /login
[2017-07-03 16:44:49.771] [INFO] record - GET /user/list
[2017-07-03 16:44:49.885] [INFO] record - GET /client/list
[2017-07-03 16:44:52.582] [INFO] record - GET /client/list
[2017-07-03 16:44:52.585] [INFO] record - GET /user/list
[2017-07-03 16:44:52.585] [INFO] record - GET /role/list
[2017-07-03 16:45:32.382] [INFO] record - OPTIONS /user/new
[2017-07-03 16:45:32.541] [INFO] record - POST /user/new
[2017-07-03 16:45:32.640] [INFO] record - GET /user/list
[2017-07-03 16:45:38.245] [INFO] record - GET /logout
[2017-07-03 16:45:42.478] [INFO] record - OPTIONS /login
[2017-07-03 16:45:42.509] [INFO] record - POST /login
[2017-07-03 16:45:42.632] [INFO] record - GET /role/list
[2017-07-03 16:45:42.639] [INFO] record - GET /user/list
[2017-07-03 16:45:45.529] [INFO] record - GET /user/list
[2017-07-03 16:48:56.256] [INFO] console - Express server listening on port 3000
[2017-07-03 16:49:03.351] [INFO] record - GET /islogin
[2017-07-03 16:49:04.188] [INFO] console - [ { _id: 595a042c598d1b27d2a56a84,
    name: 'mludis',
    account: 'mludis',
    pwd: 'e10adc3949ba59abbe56e057f20f883e',
    roles: [ '593e41ac551ddd6af6d5f13d' ],
    createAt: 2017-07-03T08:45:32.487Z,
    parents: [ '59361d188862e097ef9797f7' ] } ] [ { _id: 59361d188862e097ef9797f7,
    name: '超级管理员',
    account: '18001194295',
    pwd: 'e10adc3949ba59abbe56e057f20f883e',
    roles: [ '59361cc98862e097ef9797f6' ],
    parents: [] },
  { _id: 593e4569d74b526bc3272a53,
    account: '12222222222',
    name: '李文华',
    pwd: 'e10adc3949ba59abbe56e057f20f883e',
    roles: [ '593e4182551ddd6af6d5f13c' ],
    parents: [ '59361d188862e097ef9797f7' ] },
  { _id: 593e4685ac5b766c2671f181,
    name: '旭亮',
    account: '11111111111',
    pwd: 'e10adc3949ba59abbe56e057f20f883e',
    roles: [ '593e41ac551ddd6af6d5f13d', '593e4182551ddd6af6d5f13c' ],
    parents: [ '59361d188862e097ef9797f7' ] },
  { _id: 593e535b6bcc786ed841f111,
    account: '10000000000',
    name: '蛮王',
    pwd: 'e10adc3949ba59abbe56e057f20f883e',
    roles: [ '593e4182551ddd6af6d5f13c' ],
    parents: [ '59361d188862e097ef9797f7', '593e4685ac5b766c2671f181' ] },
  { _id: 594893b3405fb42d7a9eda4a,
    name: '喜洋洋',
    account: '12345678909',
    pwd: 'e10adc3949ba59abbe56e057f20f883e',
    roles: [ '593e4182551ddd6af6d5f13c' ],
    createAt: 2017-06-20T03:17:07.307Z,
    parents: [ '59361d188862e097ef9797f7' ] },
  { _id: 594b23e64f5c464b7ce21717,
    name: 'dwqdwe',
    account: '12345678',
    pwd: 'e10adc3949ba59abbe56e057f20f883e',
    roles: [ '593e41ac551ddd6af6d5f13d' ],
    createAt: 2017-06-22T01:56:54.754Z,
    parents: [ '59361d188862e097ef9797f7' ] },
  { _id: 5954b2c17246398637949a86,
    name: 'wakaka',
    account: '18001194294',
    pwd: 'e10adc3949ba59abbe56e057f20f883e',
    roles: [ '593e4182551ddd6af6d5f13c' ],
    createAt: 2017-06-29T07:56:49.800Z,
    parents: [ '59361d188862e097ef9797f7' ] },
  { _id: 5955f8a9ac26979742850c76,
    name: '带我去废弃物',
    account: '1800119429l',
    pwd: 'e10adc3949ba59abbe56e057f20f883e',
    roles: [ '593e4182551ddd6af6d5f13c' ],
    createAt: 2017-06-30T07:07:21.276Z,
    parents: [ '59361d188862e097ef9797f7' ] },
  { _id: 595a042c598d1b27d2a56a84,
    name: 'mludis',
    account: 'mludis',
    pwd: 'e10adc3949ba59abbe56e057f20f883e',
    roles: [ '593e41ac551ddd6af6d5f13d' ],
    createAt: 2017-07-03T08:45:32.487Z,
    parents: [ '59361d188862e097ef9797f7' ] } ]
[2017-07-03 16:49:04.227] [INFO] record - GET /user/list
[2017-07-03 16:52:53.413] [INFO] console - Express server listening on port 3000
[2017-07-03 16:52:58.763] [INFO] record - GET /islogin
[2017-07-03 16:52:59.466] [INFO] console - [ { _id: 595a042c598d1b27d2a56a84,
    name: 'mludis',
    account: 'mludis',
    pwd: 'e10adc3949ba59abbe56e057f20f883e',
    roles: [ '593e41ac551ddd6af6d5f13d' ],
    createAt: 2017-07-03T08:45:32.487Z,
    parents: [ '59361d188862e097ef9797f7' ] } ] [ { _id: 59361d188862e097ef9797f7,
    name: '超级管理员',
    account: '18001194295',
    pwd: 'e10adc3949ba59abbe56e057f20f883e',
    roles: [ '59361cc98862e097ef9797f6' ],
    parents: [] },
  { _id: 593e4569d74b526bc3272a53,
    account: '12222222222',
    name: '李文华',
    pwd: 'e10adc3949ba59abbe56e057f20f883e',
    roles: [ '593e4182551ddd6af6d5f13c' ],
    parents: [ '59361d188862e097ef9797f7' ] },
  { _id: 593e4685ac5b766c2671f181,
    name: '旭亮',
    account: '11111111111',
    pwd: 'e10adc3949ba59abbe56e057f20f883e',
    roles: [ '593e41ac551ddd6af6d5f13d', '593e4182551ddd6af6d5f13c' ],
    parents: [ '59361d188862e097ef9797f7' ] },
  { _id: 593e535b6bcc786ed841f111,
    account: '10000000000',
    name: '蛮王',
    pwd: 'e10adc3949ba59abbe56e057f20f883e',
    roles: [ '593e4182551ddd6af6d5f13c' ],
    parents: [ '59361d188862e097ef9797f7', '593e4685ac5b766c2671f181' ] },
  { _id: 594893b3405fb42d7a9eda4a,
    name: '喜洋洋',
    account: '12345678909',
    pwd: 'e10adc3949ba59abbe56e057f20f883e',
    roles: [ '593e4182551ddd6af6d5f13c' ],
    createAt: 2017-06-20T03:17:07.307Z,
    parents: [ '59361d188862e097ef9797f7' ] },
  { _id: 594b23e64f5c464b7ce21717,
    name: 'dwqdwe',
    account: '12345678',
    pwd: 'e10adc3949ba59abbe56e057f20f883e',
    roles: [ '593e41ac551ddd6af6d5f13d' ],
    createAt: 2017-06-22T01:56:54.754Z,
    parents: [ '59361d188862e097ef9797f7' ] },
  { _id: 5954b2c17246398637949a86,
    name: 'wakaka',
    account: '18001194294',
    pwd: 'e10adc3949ba59abbe56e057f20f883e',
    roles: [ '593e4182551ddd6af6d5f13c' ],
    createAt: 2017-06-29T07:56:49.800Z,
    parents: [ '59361d188862e097ef9797f7' ] },
  { _id: 5955f8a9ac26979742850c76,
    name: '带我去废弃物',
    account: '1800119429l',
    pwd: 'e10adc3949ba59abbe56e057f20f883e',
    roles: [ '593e4182551ddd6af6d5f13c' ],
    createAt: 2017-06-30T07:07:21.276Z,
    parents: [ '59361d188862e097ef9797f7' ] },
  { _id: 595a042c598d1b27d2a56a84,
    name: 'mludis',
    account: 'mludis',
    pwd: 'e10adc3949ba59abbe56e057f20f883e',
    roles: [ '593e41ac551ddd6af6d5f13d' ],
    createAt: 2017-07-03T08:45:32.487Z,
    parents: [ '59361d188862e097ef9797f7' ] } ]
[2017-07-03 16:52:59.490] [INFO] record - GET /user/list
[2017-07-03 16:52:59.540] [INFO] record - GET /client/list
[2017-07-03 16:53:43.189] [INFO] record - GET /logout
[2017-07-03 16:53:50.991] [INFO] record - OPTIONS /login
[2017-07-03 16:53:51.050] [INFO] record - POST /login
[2017-07-03 16:53:51.235] [INFO] console - [ { _id: 59361d188862e097ef9797f7,
    name: '超级管理员',
    account: '18001194295',
    pwd: 'e10adc3949ba59abbe56e057f20f883e',
    roles: [ '59361cc98862e097ef9797f6' ],
    parents: [] },
  { _id: 593e4569d74b526bc3272a53,
    account: '12222222222',
    name: '李文华',
    pwd: 'e10adc3949ba59abbe56e057f20f883e',
    roles: [ '593e4182551ddd6af6d5f13c' ],
    parents: [ '59361d188862e097ef9797f7' ] },
  { _id: 593e4685ac5b766c2671f181,
    name: '旭亮',
    account: '11111111111',
    pwd: 'e10adc3949ba59abbe56e057f20f883e',
    roles: [ '593e41ac551ddd6af6d5f13d', '593e4182551ddd6af6d5f13c' ],
    parents: [ '59361d188862e097ef9797f7' ] },
  { _id: 593e535b6bcc786ed841f111,
    account: '10000000000',
    name: '蛮王',
    pwd: 'e10adc3949ba59abbe56e057f20f883e',
    roles: [ '593e4182551ddd6af6d5f13c' ],
    parents: [ '59361d188862e097ef9797f7', '593e4685ac5b766c2671f181' ] },
  { _id: 594893b3405fb42d7a9eda4a,
    name: '喜洋洋',
    account: '12345678909',
    pwd: 'e10adc3949ba59abbe56e057f20f883e',
    roles: [ '593e4182551ddd6af6d5f13c' ],
    createAt: 2017-06-20T03:17:07.307Z,
    parents: [ '59361d188862e097ef9797f7' ] },
  { _id: 594b23e64f5c464b7ce21717,
    name: 'dwqdwe',
    account: '12345678',
    pwd: 'e10adc3949ba59abbe56e057f20f883e',
    roles: [ '593e41ac551ddd6af6d5f13d' ],
    createAt: 2017-06-22T01:56:54.754Z,
    parents: [ '59361d188862e097ef9797f7' ] },
  { _id: 5954b2c17246398637949a86,
    name: 'wakaka',
    account: '18001194294',
    pwd: 'e10adc3949ba59abbe56e057f20f883e',
    roles: [ '593e4182551ddd6af6d5f13c' ],
    createAt: 2017-06-29T07:56:49.800Z,
    parents: [ '59361d188862e097ef9797f7' ] },
  { _id: 5955f8a9ac26979742850c76,
    name: '带我去废弃物',
    account: '1800119429l',
    pwd: 'e10adc3949ba59abbe56e057f20f883e',
    roles: [ '593e4182551ddd6af6d5f13c' ],
    createAt: 2017-06-30T07:07:21.276Z,
    parents: [ '59361d188862e097ef9797f7' ] },
  { _id: 595a042c598d1b27d2a56a84,
    name: 'mludis',
    account: 'mludis',
    pwd: 'e10adc3949ba59abbe56e057f20f883e',
    roles: [ '593e41ac551ddd6af6d5f13d' ],
    createAt: 2017-07-03T08:45:32.487Z,
    parents: [ '59361d188862e097ef9797f7' ] } ] [ { _id: 59361d188862e097ef9797f7,
    name: '超级管理员',
    account: '18001194295',
    pwd: 'e10adc3949ba59abbe56e057f20f883e',
    roles: [ '59361cc98862e097ef9797f6' ],
    parents: [] },
  { _id: 593e4569d74b526bc3272a53,
    account: '12222222222',
    name: '李文华',
    pwd: 'e10adc3949ba59abbe56e057f20f883e',
    roles: [ '593e4182551ddd6af6d5f13c' ],
    parents: [ '59361d188862e097ef9797f7' ] },
  { _id: 593e4685ac5b766c2671f181,
    name: '旭亮',
    account: '11111111111',
    pwd: 'e10adc3949ba59abbe56e057f20f883e',
    roles: [ '593e41ac551ddd6af6d5f13d', '593e4182551ddd6af6d5f13c' ],
    parents: [ '59361d188862e097ef9797f7' ] },
  { _id: 593e535b6bcc786ed841f111,
    account: '10000000000',
    name: '蛮王',
    pwd: 'e10adc3949ba59abbe56e057f20f883e',
    roles: [ '593e4182551ddd6af6d5f13c' ],
    parents: [ '59361d188862e097ef9797f7', '593e4685ac5b766c2671f181' ] },
  { _id: 594893b3405fb42d7a9eda4a,
    name: '喜洋洋',
    account: '12345678909',
    pwd: 'e10adc3949ba59abbe56e057f20f883e',
    roles: [ '593e4182551ddd6af6d5f13c' ],
    createAt: 2017-06-20T03:17:07.307Z,
    parents: [ '59361d188862e097ef9797f7' ] },
  { _id: 594b23e64f5c464b7ce21717,
    name: 'dwqdwe',
    account: '12345678',
    pwd: 'e10adc3949ba59abbe56e057f20f883e',
    roles: [ '593e41ac551ddd6af6d5f13d' ],
    createAt: 2017-06-22T01:56:54.754Z,
    parents: [ '59361d188862e097ef9797f7' ] },
  { _id: 5954b2c17246398637949a86,
    name: 'wakaka',
    account: '18001194294',
    pwd: 'e10adc3949ba59abbe56e057f20f883e',
    roles: [ '593e4182551ddd6af6d5f13c' ],
    createAt: 2017-06-29T07:56:49.800Z,
    parents: [ '59361d188862e097ef9797f7' ] },
  { _id: 5955f8a9ac26979742850c76,
    name: '带我去废弃物',
    account: '1800119429l',
    pwd: 'e10adc3949ba59abbe56e057f20f883e',
    roles: [ '593e4182551ddd6af6d5f13c' ],
    createAt: 2017-06-30T07:07:21.276Z,
    parents: [ '59361d188862e097ef9797f7' ] },
  { _id: 595a042c598d1b27d2a56a84,
    name: 'mludis',
    account: 'mludis',
    pwd: 'e10adc3949ba59abbe56e057f20f883e',
    roles: [ '593e41ac551ddd6af6d5f13d' ],
    createAt: 2017-07-03T08:45:32.487Z,
    parents: [ '59361d188862e097ef9797f7' ] } ]
[2017-07-03 16:53:51.288] [INFO] record - GET /user/list
[2017-07-03 16:53:51.369] [INFO] record - GET /client/list
[2017-07-03 16:55:04.818] [INFO] console - [ { _id: 59361d188862e097ef9797f7,
    name: '超级管理员',
    account: '18001194295',
    pwd: 'e10adc3949ba59abbe56e057f20f883e',
    roles: [ '59361cc98862e097ef9797f6' ],
    parents: [] },
  { _id: 593e4569d74b526bc3272a53,
    account: '12222222222',
    name: '李文华',
    pwd: 'e10adc3949ba59abbe56e057f20f883e',
    roles: [ '593e4182551ddd6af6d5f13c' ],
    parents: [ '59361d188862e097ef9797f7' ] },
  { _id: 593e4685ac5b766c2671f181,
    name: '旭亮',
    account: '11111111111',
    pwd: 'e10adc3949ba59abbe56e057f20f883e',
    roles: [ '593e41ac551ddd6af6d5f13d', '593e4182551ddd6af6d5f13c' ],
    parents: [ '59361d188862e097ef9797f7' ] },
  { _id: 593e535b6bcc786ed841f111,
    account: '10000000000',
    name: '蛮王',
    pwd: 'e10adc3949ba59abbe56e057f20f883e',
    roles: [ '593e4182551ddd6af6d5f13c' ],
    parents: [ '59361d188862e097ef9797f7', '593e4685ac5b766c2671f181' ] },
  { _id: 594893b3405fb42d7a9eda4a,
    name: '喜洋洋',
    account: '12345678909',
    pwd: 'e10adc3949ba59abbe56e057f20f883e',
    roles: [ '593e4182551ddd6af6d5f13c' ],
    createAt: 2017-06-20T03:17:07.307Z,
    parents: [ '59361d188862e097ef9797f7' ] },
  { _id: 594b23e64f5c464b7ce21717,
    name: 'dwqdwe',
    account: '12345678',
    pwd: 'e10adc3949ba59abbe56e057f20f883e',
    roles: [ '593e41ac551ddd6af6d5f13d' ],
    createAt: 2017-06-22T01:56:54.754Z,
    parents: [ '59361d188862e097ef9797f7' ] },
  { _id: 5954b2c17246398637949a86,
    name: 'wakaka',
    account: '18001194294',
    pwd: 'e10adc3949ba59abbe56e057f20f883e',
    roles: [ '593e4182551ddd6af6d5f13c' ],
    createAt: 2017-06-29T07:56:49.800Z,
    parents: [ '59361d188862e097ef9797f7' ] },
  { _id: 5955f8a9ac26979742850c76,
    name: '带我去废弃物',
    account: '1800119429l',
    pwd: 'e10adc3949ba59abbe56e057f20f883e',
    roles: [ '593e4182551ddd6af6d5f13c' ],
    createAt: 2017-06-30T07:07:21.276Z,
    parents: [ '59361d188862e097ef9797f7' ] },
  { _id: 595a042c598d1b27d2a56a84,
    name: 'mludis',
    account: 'mludis',
    pwd: 'e10adc3949ba59abbe56e057f20f883e',
    roles: [ '593e41ac551ddd6af6d5f13d' ],
    createAt: 2017-07-03T08:45:32.487Z,
    parents: [ '59361d188862e097ef9797f7' ] } ] [ { _id: 59361d188862e097ef9797f7,
    name: '超级管理员',
    account: '18001194295',
    pwd: 'e10adc3949ba59abbe56e057f20f883e',
    roles: [ '59361cc98862e097ef9797f6' ],
    parents: [] },
  { _id: 593e4569d74b526bc3272a53,
    account: '12222222222',
    name: '李文华',
    pwd: 'e10adc3949ba59abbe56e057f20f883e',
    roles: [ '593e4182551ddd6af6d5f13c' ],
    parents: [ '59361d188862e097ef9797f7' ] },
  { _id: 593e4685ac5b766c2671f181,
    name: '旭亮',
    account: '11111111111',
    pwd: 'e10adc3949ba59abbe56e057f20f883e',
    roles: [ '593e41ac551ddd6af6d5f13d', '593e4182551ddd6af6d5f13c' ],
    parents: [ '59361d188862e097ef9797f7' ] },
  { _id: 593e535b6bcc786ed841f111,
    account: '10000000000',
    name: '蛮王',
    pwd: 'e10adc3949ba59abbe56e057f20f883e',
    roles: [ '593e4182551ddd6af6d5f13c' ],
    parents: [ '59361d188862e097ef9797f7', '593e4685ac5b766c2671f181' ] },
  { _id: 594893b3405fb42d7a9eda4a,
    name: '喜洋洋',
    account: '12345678909',
    pwd: 'e10adc3949ba59abbe56e057f20f883e',
    roles: [ '593e4182551ddd6af6d5f13c' ],
    createAt: 2017-06-20T03:17:07.307Z,
    parents: [ '59361d188862e097ef9797f7' ] },
  { _id: 594b23e64f5c464b7ce21717,
    name: 'dwqdwe',
    account: '12345678',
    pwd: 'e10adc3949ba59abbe56e057f20f883e',
    roles: [ '593e41ac551ddd6af6d5f13d' ],
    createAt: 2017-06-22T01:56:54.754Z,
    parents: [ '59361d188862e097ef9797f7' ] },
  { _id: 5954b2c17246398637949a86,
    name: 'wakaka',
    account: '18001194294',
    pwd: 'e10adc3949ba59abbe56e057f20f883e',
    roles: [ '593e4182551ddd6af6d5f13c' ],
    createAt: 2017-06-29T07:56:49.800Z,
    parents: [ '59361d188862e097ef9797f7' ] },
  { _id: 5955f8a9ac26979742850c76,
    name: '带我去废弃物',
    account: '1800119429l',
    pwd: 'e10adc3949ba59abbe56e057f20f883e',
    roles: [ '593e4182551ddd6af6d5f13c' ],
    createAt: 2017-06-30T07:07:21.276Z,
    parents: [ '59361d188862e097ef9797f7' ] },
  { _id: 595a042c598d1b27d2a56a84,
    name: 'mludis',
    account: 'mludis',
    pwd: 'e10adc3949ba59abbe56e057f20f883e',
    roles: [ '593e41ac551ddd6af6d5f13d' ],
    createAt: 2017-07-03T08:45:32.487Z,
    parents: [ '59361d188862e097ef9797f7' ] } ]
[2017-07-03 16:55:04.847] [INFO] record - GET /user/list
[2017-07-03 16:55:04.913] [INFO] record - GET /client/list
[2017-07-03 16:55:27.933] [INFO] console - [ { _id: 59361d188862e097ef9797f7,
    name: '超级管理员',
    account: '18001194295',
    pwd: 'e10adc3949ba59abbe56e057f20f883e',
    roles: [ '59361cc98862e097ef9797f6' ],
    parents: [] },
  { _id: 593e4569d74b526bc3272a53,
    account: '12222222222',
    name: '李文华',
    pwd: 'e10adc3949ba59abbe56e057f20f883e',
    roles: [ '593e4182551ddd6af6d5f13c' ],
    parents: [ '59361d188862e097ef9797f7' ] },
  { _id: 593e4685ac5b766c2671f181,
    name: '旭亮',
    account: '11111111111',
    pwd: 'e10adc3949ba59abbe56e057f20f883e',
    roles: [ '593e41ac551ddd6af6d5f13d', '593e4182551ddd6af6d5f13c' ],
    parents: [ '59361d188862e097ef9797f7' ] },
  { _id: 593e535b6bcc786ed841f111,
    account: '10000000000',
    name: '蛮王',
    pwd: 'e10adc3949ba59abbe56e057f20f883e',
    roles: [ '593e4182551ddd6af6d5f13c' ],
    parents: [ '59361d188862e097ef9797f7', '593e4685ac5b766c2671f181' ] },
  { _id: 594893b3405fb42d7a9eda4a,
    name: '喜洋洋',
    account: '12345678909',
    pwd: 'e10adc3949ba59abbe56e057f20f883e',
    roles: [ '593e4182551ddd6af6d5f13c' ],
    createAt: 2017-06-20T03:17:07.307Z,
    parents: [ '59361d188862e097ef9797f7' ] },
  { _id: 594b23e64f5c464b7ce21717,
    name: 'dwqdwe',
    account: '12345678',
    pwd: 'e10adc3949ba59abbe56e057f20f883e',
    roles: [ '593e41ac551ddd6af6d5f13d' ],
    createAt: 2017-06-22T01:56:54.754Z,
    parents: [ '59361d188862e097ef9797f7' ] },
  { _id: 5954b2c17246398637949a86,
    name: 'wakaka',
    account: '18001194294',
    pwd: 'e10adc3949ba59abbe56e057f20f883e',
    roles: [ '593e4182551ddd6af6d5f13c' ],
    createAt: 2017-06-29T07:56:49.800Z,
    parents: [ '59361d188862e097ef9797f7' ] },
  { _id: 5955f8a9ac26979742850c76,
    name: '带我去废弃物',
    account: '1800119429l',
    pwd: 'e10adc3949ba59abbe56e057f20f883e',
    roles: [ '593e4182551ddd6af6d5f13c' ],
    createAt: 2017-06-30T07:07:21.276Z,
    parents: [ '59361d188862e097ef9797f7' ] },
  { _id: 595a042c598d1b27d2a56a84,
    name: 'mludis',
    account: 'mludis',
    pwd: 'e10adc3949ba59abbe56e057f20f883e',
    roles: [ '593e41ac551ddd6af6d5f13d' ],
    createAt: 2017-07-03T08:45:32.487Z,
    parents: [ '59361d188862e097ef9797f7' ] } ] [ { _id: 59361d188862e097ef9797f7,
    name: '超级管理员',
    account: '18001194295',
    pwd: 'e10adc3949ba59abbe56e057f20f883e',
    roles: [ '59361cc98862e097ef9797f6' ],
    parents: [] },
  { _id: 593e4569d74b526bc3272a53,
    account: '12222222222',
    name: '李文华',
    pwd: 'e10adc3949ba59abbe56e057f20f883e',
    roles: [ '593e4182551ddd6af6d5f13c' ],
    parents: [ '59361d188862e097ef9797f7' ] },
  { _id: 593e4685ac5b766c2671f181,
    name: '旭亮',
    account: '11111111111',
    pwd: 'e10adc3949ba59abbe56e057f20f883e',
    roles: [ '593e41ac551ddd6af6d5f13d', '593e4182551ddd6af6d5f13c' ],
    parents: [ '59361d188862e097ef9797f7' ] },
  { _id: 593e535b6bcc786ed841f111,
    account: '10000000000',
    name: '蛮王',
    pwd: 'e10adc3949ba59abbe56e057f20f883e',
    roles: [ '593e4182551ddd6af6d5f13c' ],
    parents: [ '59361d188862e097ef9797f7', '593e4685ac5b766c2671f181' ] },
  { _id: 594893b3405fb42d7a9eda4a,
    name: '喜洋洋',
    account: '12345678909',
    pwd: 'e10adc3949ba59abbe56e057f20f883e',
    roles: [ '593e4182551ddd6af6d5f13c' ],
    createAt: 2017-06-20T03:17:07.307Z,
    parents: [ '59361d188862e097ef9797f7' ] },
  { _id: 594b23e64f5c464b7ce21717,
    name: 'dwqdwe',
    account: '12345678',
    pwd: 'e10adc3949ba59abbe56e057f20f883e',
    roles: [ '593e41ac551ddd6af6d5f13d' ],
    createAt: 2017-06-22T01:56:54.754Z,
    parents: [ '59361d188862e097ef9797f7' ] },
  { _id: 5954b2c17246398637949a86,
    name: 'wakaka',
    account: '18001194294',
    pwd: 'e10adc3949ba59abbe56e057f20f883e',
    roles: [ '593e4182551ddd6af6d5f13c' ],
    createAt: 2017-06-29T07:56:49.800Z,
    parents: [ '59361d188862e097ef9797f7' ] },
  { _id: 5955f8a9ac26979742850c76,
    name: '带我去废弃物',
    account: '1800119429l',
    pwd: 'e10adc3949ba59abbe56e057f20f883e',
    roles: [ '593e4182551ddd6af6d5f13c' ],
    createAt: 2017-06-30T07:07:21.276Z,
    parents: [ '59361d188862e097ef9797f7' ] },
  { _id: 595a042c598d1b27d2a56a84,
    name: 'mludis',
    account: 'mludis',
    pwd: 'e10adc3949ba59abbe56e057f20f883e',
    roles: [ '593e41ac551ddd6af6d5f13d' ],
    createAt: 2017-07-03T08:45:32.487Z,
    parents: [ '59361d188862e097ef9797f7' ] } ]
[2017-07-03 16:55:27.961] [INFO] record - GET /user/list
[2017-07-03 16:55:28.038] [INFO] record - GET /client/list
[2017-07-03 16:55:42.636] [INFO] record - GET /islogin
[2017-07-03 16:55:43.371] [INFO] console - [ { _id: 59361d188862e097ef9797f7,
    name: '超级管理员',
    account: '18001194295',
    pwd: 'e10adc3949ba59abbe56e057f20f883e',
    roles: [ '59361cc98862e097ef9797f6' ],
    parents: [] },
  { _id: 593e4569d74b526bc3272a53,
    account: '12222222222',
    name: '李文华',
    pwd: 'e10adc3949ba59abbe56e057f20f883e',
    roles: [ '593e4182551ddd6af6d5f13c' ],
    parents: [ '59361d188862e097ef9797f7' ] },
  { _id: 593e4685ac5b766c2671f181,
    name: '旭亮',
    account: '11111111111',
    pwd: 'e10adc3949ba59abbe56e057f20f883e',
    roles: [ '593e41ac551ddd6af6d5f13d', '593e4182551ddd6af6d5f13c' ],
    parents: [ '59361d188862e097ef9797f7' ] },
  { _id: 593e535b6bcc786ed841f111,
    account: '10000000000',
    name: '蛮王',
    pwd: 'e10adc3949ba59abbe56e057f20f883e',
    roles: [ '593e4182551ddd6af6d5f13c' ],
    parents: [ '59361d188862e097ef9797f7', '593e4685ac5b766c2671f181' ] },
  { _id: 594893b3405fb42d7a9eda4a,
    name: '喜洋洋',
    account: '12345678909',
    pwd: 'e10adc3949ba59abbe56e057f20f883e',
    roles: [ '593e4182551ddd6af6d5f13c' ],
    createAt: 2017-06-20T03:17:07.307Z,
    parents: [ '59361d188862e097ef9797f7' ] },
  { _id: 594b23e64f5c464b7ce21717,
    name: 'dwqdwe',
    account: '12345678',
    pwd: 'e10adc3949ba59abbe56e057f20f883e',
    roles: [ '593e41ac551ddd6af6d5f13d' ],
    createAt: 2017-06-22T01:56:54.754Z,
    parents: [ '59361d188862e097ef9797f7' ] },
  { _id: 5954b2c17246398637949a86,
    name: 'wakaka',
    account: '18001194294',
    pwd: 'e10adc3949ba59abbe56e057f20f883e',
    roles: [ '593e4182551ddd6af6d5f13c' ],
    createAt: 2017-06-29T07:56:49.800Z,
    parents: [ '59361d188862e097ef9797f7' ] },
  { _id: 5955f8a9ac26979742850c76,
    name: '带我去废弃物',
    account: '1800119429l',
    pwd: 'e10adc3949ba59abbe56e057f20f883e',
    roles: [ '593e4182551ddd6af6d5f13c' ],
    createAt: 2017-06-30T07:07:21.276Z,
    parents: [ '59361d188862e097ef9797f7' ] },
  { _id: 595a042c598d1b27d2a56a84,
    name: 'mludis',
    account: 'mludis',
    pwd: 'e10adc3949ba59abbe56e057f20f883e',
    roles: [ '593e41ac551ddd6af6d5f13d' ],
    createAt: 2017-07-03T08:45:32.487Z,
    parents: [ '59361d188862e097ef9797f7' ] } ] [ { _id: 59361d188862e097ef9797f7,
    name: '超级管理员',
    account: '18001194295',
    pwd: 'e10adc3949ba59abbe56e057f20f883e',
    roles: [ '59361cc98862e097ef9797f6' ],
    parents: [] },
  { _id: 593e4569d74b526bc3272a53,
    account: '12222222222',
    name: '李文华',
    pwd: 'e10adc3949ba59abbe56e057f20f883e',
    roles: [ '593e4182551ddd6af6d5f13c' ],
    parents: [ '59361d188862e097ef9797f7' ] },
  { _id: 593e4685ac5b766c2671f181,
    name: '旭亮',
    account: '11111111111',
    pwd: 'e10adc3949ba59abbe56e057f20f883e',
    roles: [ '593e41ac551ddd6af6d5f13d', '593e4182551ddd6af6d5f13c' ],
    parents: [ '59361d188862e097ef9797f7' ] },
  { _id: 593e535b6bcc786ed841f111,
    account: '10000000000',
    name: '蛮王',
    pwd: 'e10adc3949ba59abbe56e057f20f883e',
    roles: [ '593e4182551ddd6af6d5f13c' ],
    parents: [ '59361d188862e097ef9797f7', '593e4685ac5b766c2671f181' ] },
  { _id: 594893b3405fb42d7a9eda4a,
    name: '喜洋洋',
    account: '12345678909',
    pwd: 'e10adc3949ba59abbe56e057f20f883e',
    roles: [ '593e4182551ddd6af6d5f13c' ],
    createAt: 2017-06-20T03:17:07.307Z,
    parents: [ '59361d188862e097ef9797f7' ] },
  { _id: 594b23e64f5c464b7ce21717,
    name: 'dwqdwe',
    account: '12345678',
    pwd: 'e10adc3949ba59abbe56e057f20f883e',
    roles: [ '593e41ac551ddd6af6d5f13d' ],
    createAt: 2017-06-22T01:56:54.754Z,
    parents: [ '59361d188862e097ef9797f7' ] },
  { _id: 5954b2c17246398637949a86,
    name: 'wakaka',
    account: '18001194294',
    pwd: 'e10adc3949ba59abbe56e057f20f883e',
    roles: [ '593e4182551ddd6af6d5f13c' ],
    createAt: 2017-06-29T07:56:49.800Z,
    parents: [ '59361d188862e097ef9797f7' ] },
  { _id: 5955f8a9ac26979742850c76,
    name: '带我去废弃物',
    account: '1800119429l',
    pwd: 'e10adc3949ba59abbe56e057f20f883e',
    roles: [ '593e4182551ddd6af6d5f13c' ],
    createAt: 2017-06-30T07:07:21.276Z,
    parents: [ '59361d188862e097ef9797f7' ] },
  { _id: 595a042c598d1b27d2a56a84,
    name: 'mludis',
    account: 'mludis',
    pwd: 'e10adc3949ba59abbe56e057f20f883e',
    roles: [ '593e41ac551ddd6af6d5f13d' ],
    createAt: 2017-07-03T08:45:32.487Z,
    parents: [ '59361d188862e097ef9797f7' ] } ]
[2017-07-03 16:55:43.388] [INFO] record - GET /user/list
[2017-07-03 16:55:43.409] [INFO] record - GET /client/list
[2017-07-03 16:57:13.029] [INFO] console - [ { _id: 59361d188862e097ef9797f7,
    name: '超级管理员',
    account: '18001194295',
    pwd: 'e10adc3949ba59abbe56e057f20f883e',
    roles: [ '59361cc98862e097ef9797f6' ],
    parents: [] },
  { _id: 593e4569d74b526bc3272a53,
    account: '12222222222',
    name: '李文华',
    pwd: 'e10adc3949ba59abbe56e057f20f883e',
    roles: [ '593e4182551ddd6af6d5f13c' ],
    parents: [ '59361d188862e097ef9797f7' ] },
  { _id: 593e4685ac5b766c2671f181,
    name: '旭亮',
    account: '11111111111',
    pwd: 'e10adc3949ba59abbe56e057f20f883e',
    roles: [ '593e41ac551ddd6af6d5f13d', '593e4182551ddd6af6d5f13c' ],
    parents: [ '59361d188862e097ef9797f7' ] },
  { _id: 593e535b6bcc786ed841f111,
    account: '10000000000',
    name: '蛮王',
    pwd: 'e10adc3949ba59abbe56e057f20f883e',
    roles: [ '593e4182551ddd6af6d5f13c' ],
    parents: [ '59361d188862e097ef9797f7', '593e4685ac5b766c2671f181' ] },
  { _id: 594893b3405fb42d7a9eda4a,
    name: '喜洋洋',
    account: '12345678909',
    pwd: 'e10adc3949ba59abbe56e057f20f883e',
    roles: [ '593e4182551ddd6af6d5f13c' ],
    createAt: 2017-06-20T03:17:07.307Z,
    parents: [ '59361d188862e097ef9797f7' ] },
  { _id: 594b23e64f5c464b7ce21717,
    name: 'dwqdwe',
    account: '12345678',
    pwd: 'e10adc3949ba59abbe56e057f20f883e',
    roles: [ '593e41ac551ddd6af6d5f13d' ],
    createAt: 2017-06-22T01:56:54.754Z,
    parents: [ '59361d188862e097ef9797f7' ] },
  { _id: 5954b2c17246398637949a86,
    name: 'wakaka',
    account: '18001194294',
    pwd: 'e10adc3949ba59abbe56e057f20f883e',
    roles: [ '593e4182551ddd6af6d5f13c' ],
    createAt: 2017-06-29T07:56:49.800Z,
    parents: [ '59361d188862e097ef9797f7' ] },
  { _id: 5955f8a9ac26979742850c76,
    name: '带我去废弃物',
    account: '1800119429l',
    pwd: 'e10adc3949ba59abbe56e057f20f883e',
    roles: [ '593e4182551ddd6af6d5f13c' ],
    createAt: 2017-06-30T07:07:21.276Z,
    parents: [ '59361d188862e097ef9797f7' ] },
  { _id: 595a042c598d1b27d2a56a84,
    name: 'mludis',
    account: 'mludis',
    pwd: 'e10adc3949ba59abbe56e057f20f883e',
    roles: [ '593e41ac551ddd6af6d5f13d' ],
    createAt: 2017-07-03T08:45:32.487Z,
    parents: [ '59361d188862e097ef9797f7' ] } ] [ { _id: 59361d188862e097ef9797f7,
    name: '超级管理员',
    account: '18001194295',
    pwd: 'e10adc3949ba59abbe56e057f20f883e',
    roles: [ '59361cc98862e097ef9797f6' ],
    parents: [] },
  { _id: 593e4569d74b526bc3272a53,
    account: '12222222222',
    name: '李文华',
    pwd: 'e10adc3949ba59abbe56e057f20f883e',
    roles: [ '593e4182551ddd6af6d5f13c' ],
    parents: [ '59361d188862e097ef9797f7' ] },
  { _id: 593e4685ac5b766c2671f181,
    name: '旭亮',
    account: '11111111111',
    pwd: 'e10adc3949ba59abbe56e057f20f883e',
    roles: [ '593e41ac551ddd6af6d5f13d', '593e4182551ddd6af6d5f13c' ],
    parents: [ '59361d188862e097ef9797f7' ] },
  { _id: 593e535b6bcc786ed841f111,
    account: '10000000000',
    name: '蛮王',
    pwd: 'e10adc3949ba59abbe56e057f20f883e',
    roles: [ '593e4182551ddd6af6d5f13c' ],
    parents: [ '59361d188862e097ef9797f7', '593e4685ac5b766c2671f181' ] },
  { _id: 594893b3405fb42d7a9eda4a,
    name: '喜洋洋',
    account: '12345678909',
    pwd: 'e10adc3949ba59abbe56e057f20f883e',
    roles: [ '593e4182551ddd6af6d5f13c' ],
    createAt: 2017-06-20T03:17:07.307Z,
    parents: [ '59361d188862e097ef9797f7' ] },
  { _id: 594b23e64f5c464b7ce21717,
    name: 'dwqdwe',
    account: '12345678',
    pwd: 'e10adc3949ba59abbe56e057f20f883e',
    roles: [ '593e41ac551ddd6af6d5f13d' ],
    createAt: 2017-06-22T01:56:54.754Z,
    parents: [ '59361d188862e097ef9797f7' ] },
  { _id: 5954b2c17246398637949a86,
    name: 'wakaka',
    account: '18001194294',
    pwd: 'e10adc3949ba59abbe56e057f20f883e',
    roles: [ '593e4182551ddd6af6d5f13c' ],
    createAt: 2017-06-29T07:56:49.800Z,
    parents: [ '59361d188862e097ef9797f7' ] },
  { _id: 5955f8a9ac26979742850c76,
    name: '带我去废弃物',
    account: '1800119429l',
    pwd: 'e10adc3949ba59abbe56e057f20f883e',
    roles: [ '593e4182551ddd6af6d5f13c' ],
    createAt: 2017-06-30T07:07:21.276Z,
    parents: [ '59361d188862e097ef9797f7' ] },
  { _id: 595a042c598d1b27d2a56a84,
    name: 'mludis',
    account: 'mludis',
    pwd: 'e10adc3949ba59abbe56e057f20f883e',
    roles: [ '593e41ac551ddd6af6d5f13d' ],
    createAt: 2017-07-03T08:45:32.487Z,
    parents: [ '59361d188862e097ef9797f7' ] } ]
[2017-07-03 16:57:13.059] [INFO] record - GET /user/list
[2017-07-03 16:57:13.070] [INFO] record - GET /client/list
[2017-07-03 17:01:20.933] [INFO] record - OPTIONS /client/service/list
[2017-07-03 17:01:21.314] [INFO] record - POST /client/service/list
[2017-07-03 17:01:36.022] [INFO] console - [ { _id: 59361d188862e097ef9797f7,
    name: '超级管理员',
    account: '18001194295',
    pwd: 'e10adc3949ba59abbe56e057f20f883e',
    roles: [ '59361cc98862e097ef9797f6' ],
    parents: [] },
  { _id: 593e4569d74b526bc3272a53,
    account: '12222222222',
    name: '李文华',
    pwd: 'e10adc3949ba59abbe56e057f20f883e',
    roles: [ '593e4182551ddd6af6d5f13c' ],
    parents: [ '59361d188862e097ef9797f7' ] },
  { _id: 593e4685ac5b766c2671f181,
    name: '旭亮',
    account: '11111111111',
    pwd: 'e10adc3949ba59abbe56e057f20f883e',
    roles: [ '593e41ac551ddd6af6d5f13d', '593e4182551ddd6af6d5f13c' ],
    parents: [ '59361d188862e097ef9797f7' ] },
  { _id: 593e535b6bcc786ed841f111,
    account: '10000000000',
    name: '蛮王',
    pwd: 'e10adc3949ba59abbe56e057f20f883e',
    roles: [ '593e4182551ddd6af6d5f13c' ],
    parents: [ '59361d188862e097ef9797f7', '593e4685ac5b766c2671f181' ] },
  { _id: 594893b3405fb42d7a9eda4a,
    name: '喜洋洋',
    account: '12345678909',
    pwd: 'e10adc3949ba59abbe56e057f20f883e',
    roles: [ '593e4182551ddd6af6d5f13c' ],
    createAt: 2017-06-20T03:17:07.307Z,
    parents: [ '59361d188862e097ef9797f7' ] },
  { _id: 594b23e64f5c464b7ce21717,
    name: 'dwqdwe',
    account: '12345678',
    pwd: 'e10adc3949ba59abbe56e057f20f883e',
    roles: [ '593e41ac551ddd6af6d5f13d' ],
    createAt: 2017-06-22T01:56:54.754Z,
    parents: [ '59361d188862e097ef9797f7' ] },
  { _id: 5954b2c17246398637949a86,
    name: 'wakaka',
    account: '18001194294',
    pwd: 'e10adc3949ba59abbe56e057f20f883e',
    roles: [ '593e4182551ddd6af6d5f13c' ],
    createAt: 2017-06-29T07:56:49.800Z,
    parents: [ '59361d188862e097ef9797f7' ] },
  { _id: 5955f8a9ac26979742850c76,
    name: '带我去废弃物',
    account: '1800119429l',
    pwd: 'e10adc3949ba59abbe56e057f20f883e',
    roles: [ '593e4182551ddd6af6d5f13c' ],
    createAt: 2017-06-30T07:07:21.276Z,
    parents: [ '59361d188862e097ef9797f7' ] },
  { _id: 595a042c598d1b27d2a56a84,
    name: 'mludis',
    account: 'mludis',
    pwd: 'e10adc3949ba59abbe56e057f20f883e',
    roles: [ '593e41ac551ddd6af6d5f13d' ],
    createAt: 2017-07-03T08:45:32.487Z,
    parents: [ '59361d188862e097ef9797f7' ] } ] [ { _id: 59361d188862e097ef9797f7,
    name: '超级管理员',
    account: '18001194295',
    pwd: 'e10adc3949ba59abbe56e057f20f883e',
    roles: [ '59361cc98862e097ef9797f6' ],
    parents: [] },
  { _id: 593e4569d74b526bc3272a53,
    account: '12222222222',
    name: '李文华',
    pwd: 'e10adc3949ba59abbe56e057f20f883e',
    roles: [ '593e4182551ddd6af6d5f13c' ],
    parents: [ '59361d188862e097ef9797f7' ] },
  { _id: 593e4685ac5b766c2671f181,
    name: '旭亮',
    account: '11111111111',
    pwd: 'e10adc3949ba59abbe56e057f20f883e',
    roles: [ '593e41ac551ddd6af6d5f13d', '593e4182551ddd6af6d5f13c' ],
    parents: [ '59361d188862e097ef9797f7' ] },
  { _id: 593e535b6bcc786ed841f111,
    account: '10000000000',
    name: '蛮王',
    pwd: 'e10adc3949ba59abbe56e057f20f883e',
    roles: [ '593e4182551ddd6af6d5f13c' ],
    parents: [ '59361d188862e097ef9797f7', '593e4685ac5b766c2671f181' ] },
  { _id: 594893b3405fb42d7a9eda4a,
    name: '喜洋洋',
    account: '12345678909',
    pwd: 'e10adc3949ba59abbe56e057f20f883e',
    roles: [ '593e4182551ddd6af6d5f13c' ],
    createAt: 2017-06-20T03:17:07.307Z,
    parents: [ '59361d188862e097ef9797f7' ] },
  { _id: 594b23e64f5c464b7ce21717,
    name: 'dwqdwe',
    account: '12345678',
    pwd: 'e10adc3949ba59abbe56e057f20f883e',
    roles: [ '593e41ac551ddd6af6d5f13d' ],
    createAt: 2017-06-22T01:56:54.754Z,
    parents: [ '59361d188862e097ef9797f7' ] },
  { _id: 5954b2c17246398637949a86,
    name: 'wakaka',
    account: '18001194294',
    pwd: 'e10adc3949ba59abbe56e057f20f883e',
    roles: [ '593e4182551ddd6af6d5f13c' ],
    createAt: 2017-06-29T07:56:49.800Z,
    parents: [ '59361d188862e097ef9797f7' ] },
  { _id: 5955f8a9ac26979742850c76,
    name: '带我去废弃物',
    account: '1800119429l',
    pwd: 'e10adc3949ba59abbe56e057f20f883e',
    roles: [ '593e4182551ddd6af6d5f13c' ],
    createAt: 2017-06-30T07:07:21.276Z,
    parents: [ '59361d188862e097ef9797f7' ] },
  { _id: 595a042c598d1b27d2a56a84,
    name: 'mludis',
    account: 'mludis',
    pwd: 'e10adc3949ba59abbe56e057f20f883e',
    roles: [ '593e41ac551ddd6af6d5f13d' ],
    createAt: 2017-07-03T08:45:32.487Z,
    parents: [ '59361d188862e097ef9797f7' ] } ]
[2017-07-03 17:01:36.041] [INFO] record - GET /user/list
[2017-07-03 17:01:36.072] [INFO] record - GET /client/list
[2017-07-03 17:10:46.487] [INFO] console - [ { _id: 59361d188862e097ef9797f7,
    name: '超级管理员',
    account: '18001194295',
    pwd: 'e10adc3949ba59abbe56e057f20f883e',
    roles: [ '59361cc98862e097ef9797f6' ],
    parents: [] },
  { _id: 593e4569d74b526bc3272a53,
    account: '12222222222',
    name: '李文华',
    pwd: 'e10adc3949ba59abbe56e057f20f883e',
    roles: [ '593e4182551ddd6af6d5f13c' ],
    parents: [ '59361d188862e097ef9797f7' ] },
  { _id: 593e4685ac5b766c2671f181,
    name: '旭亮',
    account: '11111111111',
    pwd: 'e10adc3949ba59abbe56e057f20f883e',
    roles: [ '593e41ac551ddd6af6d5f13d', '593e4182551ddd6af6d5f13c' ],
    parents: [ '59361d188862e097ef9797f7' ] },
  { _id: 593e535b6bcc786ed841f111,
    account: '10000000000',
    name: '蛮王',
    pwd: 'e10adc3949ba59abbe56e057f20f883e',
    roles: [ '593e4182551ddd6af6d5f13c' ],
    parents: [ '59361d188862e097ef9797f7', '593e4685ac5b766c2671f181' ] },
  { _id: 594893b3405fb42d7a9eda4a,
    name: '喜洋洋',
    account: '12345678909',
    pwd: 'e10adc3949ba59abbe56e057f20f883e',
    roles: [ '593e4182551ddd6af6d5f13c' ],
    createAt: 2017-06-20T03:17:07.307Z,
    parents: [ '59361d188862e097ef9797f7' ] },
  { _id: 594b23e64f5c464b7ce21717,
    name: 'dwqdwe',
    account: '12345678',
    pwd: 'e10adc3949ba59abbe56e057f20f883e',
    roles: [ '593e41ac551ddd6af6d5f13d' ],
    createAt: 2017-06-22T01:56:54.754Z,
    parents: [ '59361d188862e097ef9797f7' ] },
  { _id: 5954b2c17246398637949a86,
    name: 'wakaka',
    account: '18001194294',
    pwd: 'e10adc3949ba59abbe56e057f20f883e',
    roles: [ '593e4182551ddd6af6d5f13c' ],
    createAt: 2017-06-29T07:56:49.800Z,
    parents: [ '59361d188862e097ef9797f7' ] },
  { _id: 5955f8a9ac26979742850c76,
    name: '带我去废弃物',
    account: '1800119429l',
    pwd: 'e10adc3949ba59abbe56e057f20f883e',
    roles: [ '593e4182551ddd6af6d5f13c' ],
    createAt: 2017-06-30T07:07:21.276Z,
    parents: [ '59361d188862e097ef9797f7' ] },
  { _id: 595a042c598d1b27d2a56a84,
    name: 'mludis',
    account: 'mludis',
    pwd: 'e10adc3949ba59abbe56e057f20f883e',
    roles: [ '593e41ac551ddd6af6d5f13d' ],
    createAt: 2017-07-03T08:45:32.487Z,
    parents: [ '59361d188862e097ef9797f7' ] } ] [ { _id: 59361d188862e097ef9797f7,
    name: '超级管理员',
    account: '18001194295',
    pwd: 'e10adc3949ba59abbe56e057f20f883e',
    roles: [ '59361cc98862e097ef9797f6' ],
    parents: [] },
  { _id: 593e4569d74b526bc3272a53,
    account: '12222222222',
    name: '李文华',
    pwd: 'e10adc3949ba59abbe56e057f20f883e',
    roles: [ '593e4182551ddd6af6d5f13c' ],
    parents: [ '59361d188862e097ef9797f7' ] },
  { _id: 593e4685ac5b766c2671f181,
    name: '旭亮',
    account: '11111111111',
    pwd: 'e10adc3949ba59abbe56e057f20f883e',
    roles: [ '593e41ac551ddd6af6d5f13d', '593e4182551ddd6af6d5f13c' ],
    parents: [ '59361d188862e097ef9797f7' ] },
  { _id: 593e535b6bcc786ed841f111,
    account: '10000000000',
    name: '蛮王',
    pwd: 'e10adc3949ba59abbe56e057f20f883e',
    roles: [ '593e4182551ddd6af6d5f13c' ],
    parents: [ '59361d188862e097ef9797f7', '593e4685ac5b766c2671f181' ] },
  { _id: 594893b3405fb42d7a9eda4a,
    name: '喜洋洋',
    account: '12345678909',
    pwd: 'e10adc3949ba59abbe56e057f20f883e',
    roles: [ '593e4182551ddd6af6d5f13c' ],
    createAt: 2017-06-20T03:17:07.307Z,
    parents: [ '59361d188862e097ef9797f7' ] },
  { _id: 594b23e64f5c464b7ce21717,
    name: 'dwqdwe',
    account: '12345678',
    pwd: 'e10adc3949ba59abbe56e057f20f883e',
    roles: [ '593e41ac551ddd6af6d5f13d' ],
    createAt: 2017-06-22T01:56:54.754Z,
    parents: [ '59361d188862e097ef9797f7' ] },
  { _id: 5954b2c17246398637949a86,
    name: 'wakaka',
    account: '18001194294',
    pwd: 'e10adc3949ba59abbe56e057f20f883e',
    roles: [ '593e4182551ddd6af6d5f13c' ],
    createAt: 2017-06-29T07:56:49.800Z,
    parents: [ '59361d188862e097ef9797f7' ] },
  { _id: 5955f8a9ac26979742850c76,
    name: '带我去废弃物',
    account: '1800119429l',
    pwd: 'e10adc3949ba59abbe56e057f20f883e',
    roles: [ '593e4182551ddd6af6d5f13c' ],
    createAt: 2017-06-30T07:07:21.276Z,
    parents: [ '59361d188862e097ef9797f7' ] },
  { _id: 595a042c598d1b27d2a56a84,
    name: 'mludis',
    account: 'mludis',
    pwd: 'e10adc3949ba59abbe56e057f20f883e',
    roles: [ '593e41ac551ddd6af6d5f13d' ],
    createAt: 2017-07-03T08:45:32.487Z,
    parents: [ '59361d188862e097ef9797f7' ] } ]
[2017-07-03 17:10:46.508] [INFO] record - GET /user/list
[2017-07-03 17:10:46.530] [INFO] record - GET /client/list
[2017-07-03 17:10:48.864] [INFO] console - [ { _id: 59361d188862e097ef9797f7,
    name: '超级管理员',
    account: '18001194295',
    pwd: 'e10adc3949ba59abbe56e057f20f883e',
    roles: [ '59361cc98862e097ef9797f6' ],
    parents: [] },
  { _id: 593e4569d74b526bc3272a53,
    account: '12222222222',
    name: '李文华',
    pwd: 'e10adc3949ba59abbe56e057f20f883e',
    roles: [ '593e4182551ddd6af6d5f13c' ],
    parents: [ '59361d188862e097ef9797f7' ] },
  { _id: 593e4685ac5b766c2671f181,
    name: '旭亮',
    account: '11111111111',
    pwd: 'e10adc3949ba59abbe56e057f20f883e',
    roles: [ '593e41ac551ddd6af6d5f13d', '593e4182551ddd6af6d5f13c' ],
    parents: [ '59361d188862e097ef9797f7' ] },
  { _id: 593e535b6bcc786ed841f111,
    account: '10000000000',
    name: '蛮王',
    pwd: 'e10adc3949ba59abbe56e057f20f883e',
    roles: [ '593e4182551ddd6af6d5f13c' ],
    parents: [ '59361d188862e097ef9797f7', '593e4685ac5b766c2671f181' ] },
  { _id: 594893b3405fb42d7a9eda4a,
    name: '喜洋洋',
    account: '12345678909',
    pwd: 'e10adc3949ba59abbe56e057f20f883e',
    roles: [ '593e4182551ddd6af6d5f13c' ],
    createAt: 2017-06-20T03:17:07.307Z,
    parents: [ '59361d188862e097ef9797f7' ] },
  { _id: 594b23e64f5c464b7ce21717,
    name: 'dwqdwe',
    account: '12345678',
    pwd: 'e10adc3949ba59abbe56e057f20f883e',
    roles: [ '593e41ac551ddd6af6d5f13d' ],
    createAt: 2017-06-22T01:56:54.754Z,
    parents: [ '59361d188862e097ef9797f7' ] },
  { _id: 5954b2c17246398637949a86,
    name: 'wakaka',
    account: '18001194294',
    pwd: 'e10adc3949ba59abbe56e057f20f883e',
    roles: [ '593e4182551ddd6af6d5f13c' ],
    createAt: 2017-06-29T07:56:49.800Z,
    parents: [ '59361d188862e097ef9797f7' ] },
  { _id: 5955f8a9ac26979742850c76,
    name: '带我去废弃物',
    account: '1800119429l',
    pwd: 'e10adc3949ba59abbe56e057f20f883e',
    roles: [ '593e4182551ddd6af6d5f13c' ],
    createAt: 2017-06-30T07:07:21.276Z,
    parents: [ '59361d188862e097ef9797f7' ] },
  { _id: 595a042c598d1b27d2a56a84,
    name: 'mludis',
    account: 'mludis',
    pwd: 'e10adc3949ba59abbe56e057f20f883e',
    roles: [ '593e41ac551ddd6af6d5f13d' ],
    createAt: 2017-07-03T08:45:32.487Z,
    parents: [ '59361d188862e097ef9797f7' ] } ] [ { _id: 59361d188862e097ef9797f7,
    name: '超级管理员',
    account: '18001194295',
    pwd: 'e10adc3949ba59abbe56e057f20f883e',
    roles: [ '59361cc98862e097ef9797f6' ],
    parents: [] },
  { _id: 593e4569d74b526bc3272a53,
    account: '12222222222',
    name: '李文华',
    pwd: 'e10adc3949ba59abbe56e057f20f883e',
    roles: [ '593e4182551ddd6af6d5f13c' ],
    parents: [ '59361d188862e097ef9797f7' ] },
  { _id: 593e4685ac5b766c2671f181,
    name: '旭亮',
    account: '11111111111',
    pwd: 'e10adc3949ba59abbe56e057f20f883e',
    roles: [ '593e41ac551ddd6af6d5f13d', '593e4182551ddd6af6d5f13c' ],
    parents: [ '59361d188862e097ef9797f7' ] },
  { _id: 593e535b6bcc786ed841f111,
    account: '10000000000',
    name: '蛮王',
    pwd: 'e10adc3949ba59abbe56e057f20f883e',
    roles: [ '593e4182551ddd6af6d5f13c' ],
    parents: [ '59361d188862e097ef9797f7', '593e4685ac5b766c2671f181' ] },
  { _id: 594893b3405fb42d7a9eda4a,
    name: '喜洋洋',
    account: '12345678909',
    pwd: 'e10adc3949ba59abbe56e057f20f883e',
    roles: [ '593e4182551ddd6af6d5f13c' ],
    createAt: 2017-06-20T03:17:07.307Z,
    parents: [ '59361d188862e097ef9797f7' ] },
  { _id: 594b23e64f5c464b7ce21717,
    name: 'dwqdwe',
    account: '12345678',
    pwd: 'e10adc3949ba59abbe56e057f20f883e',
    roles: [ '593e41ac551ddd6af6d5f13d' ],
    createAt: 2017-06-22T01:56:54.754Z,
    parents: [ '59361d188862e097ef9797f7' ] },
  { _id: 5954b2c17246398637949a86,
    name: 'wakaka',
    account: '18001194294',
    pwd: 'e10adc3949ba59abbe56e057f20f883e',
    roles: [ '593e4182551ddd6af6d5f13c' ],
    createAt: 2017-06-29T07:56:49.800Z,
    parents: [ '59361d188862e097ef9797f7' ] },
  { _id: 5955f8a9ac26979742850c76,
    name: '带我去废弃物',
    account: '1800119429l',
    pwd: 'e10adc3949ba59abbe56e057f20f883e',
    roles: [ '593e4182551ddd6af6d5f13c' ],
    createAt: 2017-06-30T07:07:21.276Z,
    parents: [ '59361d188862e097ef9797f7' ] },
  { _id: 595a042c598d1b27d2a56a84,
    name: 'mludis',
    account: 'mludis',
    pwd: 'e10adc3949ba59abbe56e057f20f883e',
    roles: [ '593e41ac551ddd6af6d5f13d' ],
    createAt: 2017-07-03T08:45:32.487Z,
    parents: [ '59361d188862e097ef9797f7' ] } ]
[2017-07-03 17:10:48.885] [INFO] record - GET /user/list
[2017-07-03 17:10:48.926] [INFO] record - GET /role/list
[2017-07-03 17:10:48.959] [INFO] record - GET /client/list
[2017-07-03 17:10:50.095] [INFO] record - GET /role/list
[2017-07-03 17:10:51.058] [INFO] record - GET /version/list
[2017-07-03 17:10:52.487] [INFO] record - GET /role/list
[2017-07-03 17:10:53.337] [INFO] console - [ { _id: 59361d188862e097ef9797f7,
    name: '超级管理员',
    account: '18001194295',
    pwd: 'e10adc3949ba59abbe56e057f20f883e',
    roles: [ '59361cc98862e097ef9797f6' ],
    parents: [] },
  { _id: 593e4569d74b526bc3272a53,
    account: '12222222222',
    name: '李文华',
    pwd: 'e10adc3949ba59abbe56e057f20f883e',
    roles: [ '593e4182551ddd6af6d5f13c' ],
    parents: [ '59361d188862e097ef9797f7' ] },
  { _id: 593e4685ac5b766c2671f181,
    name: '旭亮',
    account: '11111111111',
    pwd: 'e10adc3949ba59abbe56e057f20f883e',
    roles: [ '593e41ac551ddd6af6d5f13d', '593e4182551ddd6af6d5f13c' ],
    parents: [ '59361d188862e097ef9797f7' ] },
  { _id: 593e535b6bcc786ed841f111,
    account: '10000000000',
    name: '蛮王',
    pwd: 'e10adc3949ba59abbe56e057f20f883e',
    roles: [ '593e4182551ddd6af6d5f13c' ],
    parents: [ '59361d188862e097ef9797f7', '593e4685ac5b766c2671f181' ] },
  { _id: 594893b3405fb42d7a9eda4a,
    name: '喜洋洋',
    account: '12345678909',
    pwd: 'e10adc3949ba59abbe56e057f20f883e',
    roles: [ '593e4182551ddd6af6d5f13c' ],
    createAt: 2017-06-20T03:17:07.307Z,
    parents: [ '59361d188862e097ef9797f7' ] },
  { _id: 594b23e64f5c464b7ce21717,
    name: 'dwqdwe',
    account: '12345678',
    pwd: 'e10adc3949ba59abbe56e057f20f883e',
    roles: [ '593e41ac551ddd6af6d5f13d' ],
    createAt: 2017-06-22T01:56:54.754Z,
    parents: [ '59361d188862e097ef9797f7' ] },
  { _id: 5954b2c17246398637949a86,
    name: 'wakaka',
    account: '18001194294',
    pwd: 'e10adc3949ba59abbe56e057f20f883e',
    roles: [ '593e4182551ddd6af6d5f13c' ],
    createAt: 2017-06-29T07:56:49.800Z,
    parents: [ '59361d188862e097ef9797f7' ] },
  { _id: 5955f8a9ac26979742850c76,
    name: '带我去废弃物',
    account: '1800119429l',
    pwd: 'e10adc3949ba59abbe56e057f20f883e',
    roles: [ '593e4182551ddd6af6d5f13c' ],
    createAt: 2017-06-30T07:07:21.276Z,
    parents: [ '59361d188862e097ef9797f7' ] },
  { _id: 595a042c598d1b27d2a56a84,
    name: 'mludis',
    account: 'mludis',
    pwd: 'e10adc3949ba59abbe56e057f20f883e',
    roles: [ '593e41ac551ddd6af6d5f13d' ],
    createAt: 2017-07-03T08:45:32.487Z,
    parents: [ '59361d188862e097ef9797f7' ] } ] [ { _id: 59361d188862e097ef9797f7,
    name: '超级管理员',
    account: '18001194295',
    pwd: 'e10adc3949ba59abbe56e057f20f883e',
    roles: [ '59361cc98862e097ef9797f6' ],
    parents: [] },
  { _id: 593e4569d74b526bc3272a53,
    account: '12222222222',
    name: '李文华',
    pwd: 'e10adc3949ba59abbe56e057f20f883e',
    roles: [ '593e4182551ddd6af6d5f13c' ],
    parents: [ '59361d188862e097ef9797f7' ] },
  { _id: 593e4685ac5b766c2671f181,
    name: '旭亮',
    account: '11111111111',
    pwd: 'e10adc3949ba59abbe56e057f20f883e',
    roles: [ '593e41ac551ddd6af6d5f13d', '593e4182551ddd6af6d5f13c' ],
    parents: [ '59361d188862e097ef9797f7' ] },
  { _id: 593e535b6bcc786ed841f111,
    account: '10000000000',
    name: '蛮王',
    pwd: 'e10adc3949ba59abbe56e057f20f883e',
    roles: [ '593e4182551ddd6af6d5f13c' ],
    parents: [ '59361d188862e097ef9797f7', '593e4685ac5b766c2671f181' ] },
  { _id: 594893b3405fb42d7a9eda4a,
    name: '喜洋洋',
    account: '12345678909',
    pwd: 'e10adc3949ba59abbe56e057f20f883e',
    roles: [ '593e4182551ddd6af6d5f13c' ],
    createAt: 2017-06-20T03:17:07.307Z,
    parents: [ '59361d188862e097ef9797f7' ] },
  { _id: 594b23e64f5c464b7ce21717,
    name: 'dwqdwe',
    account: '12345678',
    pwd: 'e10adc3949ba59abbe56e057f20f883e',
    roles: [ '593e41ac551ddd6af6d5f13d' ],
    createAt: 2017-06-22T01:56:54.754Z,
    parents: [ '59361d188862e097ef9797f7' ] },
  { _id: 5954b2c17246398637949a86,
    name: 'wakaka',
    account: '18001194294',
    pwd: 'e10adc3949ba59abbe56e057f20f883e',
    roles: [ '593e4182551ddd6af6d5f13c' ],
    createAt: 2017-06-29T07:56:49.800Z,
    parents: [ '59361d188862e097ef9797f7' ] },
  { _id: 5955f8a9ac26979742850c76,
    name: '带我去废弃物',
    account: '1800119429l',
    pwd: 'e10adc3949ba59abbe56e057f20f883e',
    roles: [ '593e4182551ddd6af6d5f13c' ],
    createAt: 2017-06-30T07:07:21.276Z,
    parents: [ '59361d188862e097ef9797f7' ] },
  { _id: 595a042c598d1b27d2a56a84,
    name: 'mludis',
    account: 'mludis',
    pwd: 'e10adc3949ba59abbe56e057f20f883e',
    roles: [ '593e41ac551ddd6af6d5f13d' ],
    createAt: 2017-07-03T08:45:32.487Z,
    parents: [ '59361d188862e097ef9797f7' ] } ]
[2017-07-03 17:10:53.348] [INFO] record - GET /user/list
[2017-07-03 17:10:53.375] [INFO] record - GET /client/list
[2017-07-03 17:14:16.225] [INFO] console - [ { _id: 59361d188862e097ef9797f7,
    name: '超级管理员',
    account: '18001194295',
    pwd: 'e10adc3949ba59abbe56e057f20f883e',
    roles: [ '59361cc98862e097ef9797f6' ],
    parents: [] },
  { _id: 593e4569d74b526bc3272a53,
    account: '12222222222',
    name: '李文华',
    pwd: 'e10adc3949ba59abbe56e057f20f883e',
    roles: [ '593e4182551ddd6af6d5f13c' ],
    parents: [ '59361d188862e097ef9797f7' ] },
  { _id: 593e4685ac5b766c2671f181,
    name: '旭亮',
    account: '11111111111',
    pwd: 'e10adc3949ba59abbe56e057f20f883e',
    roles: [ '593e41ac551ddd6af6d5f13d', '593e4182551ddd6af6d5f13c' ],
    parents: [ '59361d188862e097ef9797f7' ] },
  { _id: 593e535b6bcc786ed841f111,
    account: '10000000000',
    name: '蛮王',
    pwd: 'e10adc3949ba59abbe56e057f20f883e',
    roles: [ '593e4182551ddd6af6d5f13c' ],
    parents: [ '59361d188862e097ef9797f7', '593e4685ac5b766c2671f181' ] },
  { _id: 594893b3405fb42d7a9eda4a,
    name: '喜洋洋',
    account: '12345678909',
    pwd: 'e10adc3949ba59abbe56e057f20f883e',
    roles: [ '593e4182551ddd6af6d5f13c' ],
    createAt: 2017-06-20T03:17:07.307Z,
    parents: [ '59361d188862e097ef9797f7' ] },
  { _id: 594b23e64f5c464b7ce21717,
    name: 'dwqdwe',
    account: '12345678',
    pwd: 'e10adc3949ba59abbe56e057f20f883e',
    roles: [ '593e41ac551ddd6af6d5f13d' ],
    createAt: 2017-06-22T01:56:54.754Z,
    parents: [ '59361d188862e097ef9797f7' ] },
  { _id: 5954b2c17246398637949a86,
    name: 'wakaka',
    account: '18001194294',
    pwd: 'e10adc3949ba59abbe56e057f20f883e',
    roles: [ '593e4182551ddd6af6d5f13c' ],
    createAt: 2017-06-29T07:56:49.800Z,
    parents: [ '59361d188862e097ef9797f7' ] },
  { _id: 5955f8a9ac26979742850c76,
    name: '带我去废弃物',
    account: '1800119429l',
    pwd: 'e10adc3949ba59abbe56e057f20f883e',
    roles: [ '593e4182551ddd6af6d5f13c' ],
    createAt: 2017-06-30T07:07:21.276Z,
    parents: [ '59361d188862e097ef9797f7' ] },
  { _id: 595a042c598d1b27d2a56a84,
    name: 'mludis',
    account: 'mludis',
    pwd: 'e10adc3949ba59abbe56e057f20f883e',
    roles: [ '593e41ac551ddd6af6d5f13d' ],
    createAt: 2017-07-03T08:45:32.487Z,
    parents: [ '59361d188862e097ef9797f7' ] } ] [ { _id: 59361d188862e097ef9797f7,
    name: '超级管理员',
    account: '18001194295',
    pwd: 'e10adc3949ba59abbe56e057f20f883e',
    roles: [ '59361cc98862e097ef9797f6' ],
    parents: [] },
  { _id: 593e4569d74b526bc3272a53,
    account: '12222222222',
    name: '李文华',
    pwd: 'e10adc3949ba59abbe56e057f20f883e',
    roles: [ '593e4182551ddd6af6d5f13c' ],
    parents: [ '59361d188862e097ef9797f7' ] },
  { _id: 593e4685ac5b766c2671f181,
    name: '旭亮',
    account: '11111111111',
    pwd: 'e10adc3949ba59abbe56e057f20f883e',
    roles: [ '593e41ac551ddd6af6d5f13d', '593e4182551ddd6af6d5f13c' ],
    parents: [ '59361d188862e097ef9797f7' ] },
  { _id: 593e535b6bcc786ed841f111,
    account: '10000000000',
    name: '蛮王',
    pwd: 'e10adc3949ba59abbe56e057f20f883e',
    roles: [ '593e4182551ddd6af6d5f13c' ],
    parents: [ '59361d188862e097ef9797f7', '593e4685ac5b766c2671f181' ] },
  { _id: 594893b3405fb42d7a9eda4a,
    name: '喜洋洋',
    account: '12345678909',
    pwd: 'e10adc3949ba59abbe56e057f20f883e',
    roles: [ '593e4182551ddd6af6d5f13c' ],
    createAt: 2017-06-20T03:17:07.307Z,
    parents: [ '59361d188862e097ef9797f7' ] },
  { _id: 594b23e64f5c464b7ce21717,
    name: 'dwqdwe',
    account: '12345678',
    pwd: 'e10adc3949ba59abbe56e057f20f883e',
    roles: [ '593e41ac551ddd6af6d5f13d' ],
    createAt: 2017-06-22T01:56:54.754Z,
    parents: [ '59361d188862e097ef9797f7' ] },
  { _id: 5954b2c17246398637949a86,
    name: 'wakaka',
    account: '18001194294',
    pwd: 'e10adc3949ba59abbe56e057f20f883e',
    roles: [ '593e4182551ddd6af6d5f13c' ],
    createAt: 2017-06-29T07:56:49.800Z,
    parents: [ '59361d188862e097ef9797f7' ] },
  { _id: 5955f8a9ac26979742850c76,
    name: '带我去废弃物',
    account: '1800119429l',
    pwd: 'e10adc3949ba59abbe56e057f20f883e',
    roles: [ '593e4182551ddd6af6d5f13c' ],
    createAt: 2017-06-30T07:07:21.276Z,
    parents: [ '59361d188862e097ef9797f7' ] },
  { _id: 595a042c598d1b27d2a56a84,
    name: 'mludis',
    account: 'mludis',
    pwd: 'e10adc3949ba59abbe56e057f20f883e',
    roles: [ '593e41ac551ddd6af6d5f13d' ],
    createAt: 2017-07-03T08:45:32.487Z,
    parents: [ '59361d188862e097ef9797f7' ] } ]
[2017-07-03 17:14:16.247] [INFO] record - GET /user/list
[2017-07-03 17:14:16.306] [INFO] record - GET /client/list
[2017-07-03 17:18:52.966] [INFO] console - [ { _id: 59361d188862e097ef9797f7,
    name: '超级管理员',
    account: '18001194295',
    pwd: 'e10adc3949ba59abbe56e057f20f883e',
    roles: [ '59361cc98862e097ef9797f6' ],
    parents: [] },
  { _id: 593e4569d74b526bc3272a53,
    account: '12222222222',
    name: '李文华',
    pwd: 'e10adc3949ba59abbe56e057f20f883e',
    roles: [ '593e4182551ddd6af6d5f13c' ],
    parents: [ '59361d188862e097ef9797f7' ] },
  { _id: 593e4685ac5b766c2671f181,
    name: '旭亮',
    account: '11111111111',
    pwd: 'e10adc3949ba59abbe56e057f20f883e',
    roles: [ '593e41ac551ddd6af6d5f13d', '593e4182551ddd6af6d5f13c' ],
    parents: [ '59361d188862e097ef9797f7' ] },
  { _id: 593e535b6bcc786ed841f111,
    account: '10000000000',
    name: '蛮王',
    pwd: 'e10adc3949ba59abbe56e057f20f883e',
    roles: [ '593e4182551ddd6af6d5f13c' ],
    parents: [ '59361d188862e097ef9797f7', '593e4685ac5b766c2671f181' ] },
  { _id: 594893b3405fb42d7a9eda4a,
    name: '喜洋洋',
    account: '12345678909',
    pwd: 'e10adc3949ba59abbe56e057f20f883e',
    roles: [ '593e4182551ddd6af6d5f13c' ],
    createAt: 2017-06-20T03:17:07.307Z,
    parents: [ '59361d188862e097ef9797f7' ] },
  { _id: 594b23e64f5c464b7ce21717,
    name: 'dwqdwe',
    account: '12345678',
    pwd: 'e10adc3949ba59abbe56e057f20f883e',
    roles: [ '593e41ac551ddd6af6d5f13d' ],
    createAt: 2017-06-22T01:56:54.754Z,
    parents: [ '59361d188862e097ef9797f7' ] },
  { _id: 5954b2c17246398637949a86,
    name: 'wakaka',
    account: '18001194294',
    pwd: 'e10adc3949ba59abbe56e057f20f883e',
    roles: [ '593e4182551ddd6af6d5f13c' ],
    createAt: 2017-06-29T07:56:49.800Z,
    parents: [ '59361d188862e097ef9797f7' ] },
  { _id: 5955f8a9ac26979742850c76,
    name: '带我去废弃物',
    account: '1800119429l',
    pwd: 'e10adc3949ba59abbe56e057f20f883e',
    roles: [ '593e4182551ddd6af6d5f13c' ],
    createAt: 2017-06-30T07:07:21.276Z,
    parents: [ '59361d188862e097ef9797f7' ] },
  { _id: 595a042c598d1b27d2a56a84,
    name: 'mludis',
    account: 'mludis',
    pwd: 'e10adc3949ba59abbe56e057f20f883e',
    roles: [ '593e41ac551ddd6af6d5f13d' ],
    createAt: 2017-07-03T08:45:32.487Z,
    parents: [ '59361d188862e097ef9797f7' ] } ] [ { _id: 59361d188862e097ef9797f7,
    name: '超级管理员',
    account: '18001194295',
    pwd: 'e10adc3949ba59abbe56e057f20f883e',
    roles: [ '59361cc98862e097ef9797f6' ],
    parents: [] },
  { _id: 593e4569d74b526bc3272a53,
    account: '12222222222',
    name: '李文华',
    pwd: 'e10adc3949ba59abbe56e057f20f883e',
    roles: [ '593e4182551ddd6af6d5f13c' ],
    parents: [ '59361d188862e097ef9797f7' ] },
  { _id: 593e4685ac5b766c2671f181,
    name: '旭亮',
    account: '11111111111',
    pwd: 'e10adc3949ba59abbe56e057f20f883e',
    roles: [ '593e41ac551ddd6af6d5f13d', '593e4182551ddd6af6d5f13c' ],
    parents: [ '59361d188862e097ef9797f7' ] },
  { _id: 593e535b6bcc786ed841f111,
    account: '10000000000',
    name: '蛮王',
    pwd: 'e10adc3949ba59abbe56e057f20f883e',
    roles: [ '593e4182551ddd6af6d5f13c' ],
    parents: [ '59361d188862e097ef9797f7', '593e4685ac5b766c2671f181' ] },
  { _id: 594893b3405fb42d7a9eda4a,
    name: '喜洋洋',
    account: '12345678909',
    pwd: 'e10adc3949ba59abbe56e057f20f883e',
    roles: [ '593e4182551ddd6af6d5f13c' ],
    createAt: 2017-06-20T03:17:07.307Z,
    parents: [ '59361d188862e097ef9797f7' ] },
  { _id: 594b23e64f5c464b7ce21717,
    name: 'dwqdwe',
    account: '12345678',
    pwd: 'e10adc3949ba59abbe56e057f20f883e',
    roles: [ '593e41ac551ddd6af6d5f13d' ],
    createAt: 2017-06-22T01:56:54.754Z,
    parents: [ '59361d188862e097ef9797f7' ] },
  { _id: 5954b2c17246398637949a86,
    name: 'wakaka',
    account: '18001194294',
    pwd: 'e10adc3949ba59abbe56e057f20f883e',
    roles: [ '593e4182551ddd6af6d5f13c' ],
    createAt: 2017-06-29T07:56:49.800Z,
    parents: [ '59361d188862e097ef9797f7' ] },
  { _id: 5955f8a9ac26979742850c76,
    name: '带我去废弃物',
    account: '1800119429l',
    pwd: 'e10adc3949ba59abbe56e057f20f883e',
    roles: [ '593e4182551ddd6af6d5f13c' ],
    createAt: 2017-06-30T07:07:21.276Z,
    parents: [ '59361d188862e097ef9797f7' ] },
  { _id: 595a042c598d1b27d2a56a84,
    name: 'mludis',
    account: 'mludis',
    pwd: 'e10adc3949ba59abbe56e057f20f883e',
    roles: [ '593e41ac551ddd6af6d5f13d' ],
    createAt: 2017-07-03T08:45:32.487Z,
    parents: [ '59361d188862e097ef9797f7' ] } ]
[2017-07-03 17:18:52.980] [INFO] record - GET /user/list
[2017-07-03 17:18:53.027] [INFO] record - GET /client/list
[2017-07-03 17:19:30.071] [INFO] record - GET /islogin
[2017-07-03 17:19:30.824] [INFO] console - [ { _id: 59361d188862e097ef9797f7,
    name: '超级管理员',
    account: '18001194295',
    pwd: 'e10adc3949ba59abbe56e057f20f883e',
    roles: [ '59361cc98862e097ef9797f6' ],
    parents: [] },
  { _id: 593e4569d74b526bc3272a53,
    account: '12222222222',
    name: '李文华',
    pwd: 'e10adc3949ba59abbe56e057f20f883e',
    roles: [ '593e4182551ddd6af6d5f13c' ],
    parents: [ '59361d188862e097ef9797f7' ] },
  { _id: 593e4685ac5b766c2671f181,
    name: '旭亮',
    account: '11111111111',
    pwd: 'e10adc3949ba59abbe56e057f20f883e',
    roles: [ '593e41ac551ddd6af6d5f13d', '593e4182551ddd6af6d5f13c' ],
    parents: [ '59361d188862e097ef9797f7' ] },
  { _id: 593e535b6bcc786ed841f111,
    account: '10000000000',
    name: '蛮王',
    pwd: 'e10adc3949ba59abbe56e057f20f883e',
    roles: [ '593e4182551ddd6af6d5f13c' ],
    parents: [ '59361d188862e097ef9797f7', '593e4685ac5b766c2671f181' ] },
  { _id: 594893b3405fb42d7a9eda4a,
    name: '喜洋洋',
    account: '12345678909',
    pwd: 'e10adc3949ba59abbe56e057f20f883e',
    roles: [ '593e4182551ddd6af6d5f13c' ],
    createAt: 2017-06-20T03:17:07.307Z,
    parents: [ '59361d188862e097ef9797f7' ] },
  { _id: 594b23e64f5c464b7ce21717,
    name: 'dwqdwe',
    account: '12345678',
    pwd: 'e10adc3949ba59abbe56e057f20f883e',
    roles: [ '593e41ac551ddd6af6d5f13d' ],
    createAt: 2017-06-22T01:56:54.754Z,
    parents: [ '59361d188862e097ef9797f7' ] },
  { _id: 5954b2c17246398637949a86,
    name: 'wakaka',
    account: '18001194294',
    pwd: 'e10adc3949ba59abbe56e057f20f883e',
    roles: [ '593e4182551ddd6af6d5f13c' ],
    createAt: 2017-06-29T07:56:49.800Z,
    parents: [ '59361d188862e097ef9797f7' ] },
  { _id: 5955f8a9ac26979742850c76,
    name: '带我去废弃物',
    account: '1800119429l',
    pwd: 'e10adc3949ba59abbe56e057f20f883e',
    roles: [ '593e4182551ddd6af6d5f13c' ],
    createAt: 2017-06-30T07:07:21.276Z,
    parents: [ '59361d188862e097ef9797f7' ] },
  { _id: 595a042c598d1b27d2a56a84,
    name: 'mludis',
    account: 'mludis',
    pwd: 'e10adc3949ba59abbe56e057f20f883e',
    roles: [ '593e41ac551ddd6af6d5f13d' ],
    createAt: 2017-07-03T08:45:32.487Z,
    parents: [ '59361d188862e097ef9797f7' ] } ] [ { _id: 59361d188862e097ef9797f7,
    name: '超级管理员',
    account: '18001194295',
    pwd: 'e10adc3949ba59abbe56e057f20f883e',
    roles: [ '59361cc98862e097ef9797f6' ],
    parents: [] },
  { _id: 593e4569d74b526bc3272a53,
    account: '12222222222',
    name: '李文华',
    pwd: 'e10adc3949ba59abbe56e057f20f883e',
    roles: [ '593e4182551ddd6af6d5f13c' ],
    parents: [ '59361d188862e097ef9797f7' ] },
  { _id: 593e4685ac5b766c2671f181,
    name: '旭亮',
    account: '11111111111',
    pwd: 'e10adc3949ba59abbe56e057f20f883e',
    roles: [ '593e41ac551ddd6af6d5f13d', '593e4182551ddd6af6d5f13c' ],
    parents: [ '59361d188862e097ef9797f7' ] },
  { _id: 593e535b6bcc786ed841f111,
    account: '10000000000',
    name: '蛮王',
    pwd: 'e10adc3949ba59abbe56e057f20f883e',
    roles: [ '593e4182551ddd6af6d5f13c' ],
    parents: [ '59361d188862e097ef9797f7', '593e4685ac5b766c2671f181' ] },
  { _id: 594893b3405fb42d7a9eda4a,
    name: '喜洋洋',
    account: '12345678909',
    pwd: 'e10adc3949ba59abbe56e057f20f883e',
    roles: [ '593e4182551ddd6af6d5f13c' ],
    createAt: 2017-06-20T03:17:07.307Z,
    parents: [ '59361d188862e097ef9797f7' ] },
  { _id: 594b23e64f5c464b7ce21717,
    name: 'dwqdwe',
    account: '12345678',
    pwd: 'e10adc3949ba59abbe56e057f20f883e',
    roles: [ '593e41ac551ddd6af6d5f13d' ],
    createAt: 2017-06-22T01:56:54.754Z,
    parents: [ '59361d188862e097ef9797f7' ] },
  { _id: 5954b2c17246398637949a86,
    name: 'wakaka',
    account: '18001194294',
    pwd: 'e10adc3949ba59abbe56e057f20f883e',
    roles: [ '593e4182551ddd6af6d5f13c' ],
    createAt: 2017-06-29T07:56:49.800Z,
    parents: [ '59361d188862e097ef9797f7' ] },
  { _id: 5955f8a9ac26979742850c76,
    name: '带我去废弃物',
    account: '1800119429l',
    pwd: 'e10adc3949ba59abbe56e057f20f883e',
    roles: [ '593e4182551ddd6af6d5f13c' ],
    createAt: 2017-06-30T07:07:21.276Z,
    parents: [ '59361d188862e097ef9797f7' ] },
  { _id: 595a042c598d1b27d2a56a84,
    name: 'mludis',
    account: 'mludis',
    pwd: 'e10adc3949ba59abbe56e057f20f883e',
    roles: [ '593e41ac551ddd6af6d5f13d' ],
    createAt: 2017-07-03T08:45:32.487Z,
    parents: [ '59361d188862e097ef9797f7' ] } ]
[2017-07-03 17:19:30.841] [INFO] record - GET /user/list
[2017-07-03 17:19:30.881] [INFO] record - GET /client/list
[2017-07-03 17:20:22.978] [INFO] record - OPTIONS /client/service/list
[2017-07-03 17:20:23.010] [INFO] record - POST /client/service/list
[2017-07-03 17:22:33.661] [INFO] console - [ { _id: 59361d188862e097ef9797f7,
    name: '超级管理员',
    account: '18001194295',
    pwd: 'e10adc3949ba59abbe56e057f20f883e',
    roles: [ '59361cc98862e097ef9797f6' ],
    parents: [] },
  { _id: 593e4569d74b526bc3272a53,
    account: '12222222222',
    name: '李文华',
    pwd: 'e10adc3949ba59abbe56e057f20f883e',
    roles: [ '593e4182551ddd6af6d5f13c' ],
    parents: [ '59361d188862e097ef9797f7' ] },
  { _id: 593e4685ac5b766c2671f181,
    name: '旭亮',
    account: '11111111111',
    pwd: 'e10adc3949ba59abbe56e057f20f883e',
    roles: [ '593e41ac551ddd6af6d5f13d', '593e4182551ddd6af6d5f13c' ],
    parents: [ '59361d188862e097ef9797f7' ] },
  { _id: 593e535b6bcc786ed841f111,
    account: '10000000000',
    name: '蛮王',
    pwd: 'e10adc3949ba59abbe56e057f20f883e',
    roles: [ '593e4182551ddd6af6d5f13c' ],
    parents: [ '59361d188862e097ef9797f7', '593e4685ac5b766c2671f181' ] },
  { _id: 594893b3405fb42d7a9eda4a,
    name: '喜洋洋',
    account: '12345678909',
    pwd: 'e10adc3949ba59abbe56e057f20f883e',
    roles: [ '593e4182551ddd6af6d5f13c' ],
    createAt: 2017-06-20T03:17:07.307Z,
    parents: [ '59361d188862e097ef9797f7' ] },
  { _id: 594b23e64f5c464b7ce21717,
    name: 'dwqdwe',
    account: '12345678',
    pwd: 'e10adc3949ba59abbe56e057f20f883e',
    roles: [ '593e41ac551ddd6af6d5f13d' ],
    createAt: 2017-06-22T01:56:54.754Z,
    parents: [ '59361d188862e097ef9797f7' ] },
  { _id: 5954b2c17246398637949a86,
    name: 'wakaka',
    account: '18001194294',
    pwd: 'e10adc3949ba59abbe56e057f20f883e',
    roles: [ '593e4182551ddd6af6d5f13c' ],
    createAt: 2017-06-29T07:56:49.800Z,
    parents: [ '59361d188862e097ef9797f7' ] },
  { _id: 5955f8a9ac26979742850c76,
    name: '带我去废弃物',
    account: '1800119429l',
    pwd: 'e10adc3949ba59abbe56e057f20f883e',
    roles: [ '593e4182551ddd6af6d5f13c' ],
    createAt: 2017-06-30T07:07:21.276Z,
    parents: [ '59361d188862e097ef9797f7' ] },
  { _id: 595a042c598d1b27d2a56a84,
    name: 'mludis',
    account: 'mludis',
    pwd: 'e10adc3949ba59abbe56e057f20f883e',
    roles: [ '593e41ac551ddd6af6d5f13d' ],
    createAt: 2017-07-03T08:45:32.487Z,
    parents: [ '59361d188862e097ef9797f7' ] } ] [ { _id: 59361d188862e097ef9797f7,
    name: '超级管理员',
    account: '18001194295',
    pwd: 'e10adc3949ba59abbe56e057f20f883e',
    roles: [ '59361cc98862e097ef9797f6' ],
    parents: [] },
  { _id: 593e4569d74b526bc3272a53,
    account: '12222222222',
    name: '李文华',
    pwd: 'e10adc3949ba59abbe56e057f20f883e',
    roles: [ '593e4182551ddd6af6d5f13c' ],
    parents: [ '59361d188862e097ef9797f7' ] },
  { _id: 593e4685ac5b766c2671f181,
    name: '旭亮',
    account: '11111111111',
    pwd: 'e10adc3949ba59abbe56e057f20f883e',
    roles: [ '593e41ac551ddd6af6d5f13d', '593e4182551ddd6af6d5f13c' ],
    parents: [ '59361d188862e097ef9797f7' ] },
  { _id: 593e535b6bcc786ed841f111,
    account: '10000000000',
    name: '蛮王',
    pwd: 'e10adc3949ba59abbe56e057f20f883e',
    roles: [ '593e4182551ddd6af6d5f13c' ],
    parents: [ '59361d188862e097ef9797f7', '593e4685ac5b766c2671f181' ] },
  { _id: 594893b3405fb42d7a9eda4a,
    name: '喜洋洋',
    account: '12345678909',
    pwd: 'e10adc3949ba59abbe56e057f20f883e',
    roles: [ '593e4182551ddd6af6d5f13c' ],
    createAt: 2017-06-20T03:17:07.307Z,
    parents: [ '59361d188862e097ef9797f7' ] },
  { _id: 594b23e64f5c464b7ce21717,
    name: 'dwqdwe',
    account: '12345678',
    pwd: 'e10adc3949ba59abbe56e057f20f883e',
    roles: [ '593e41ac551ddd6af6d5f13d' ],
    createAt: 2017-06-22T01:56:54.754Z,
    parents: [ '59361d188862e097ef9797f7' ] },
  { _id: 5954b2c17246398637949a86,
    name: 'wakaka',
    account: '18001194294',
    pwd: 'e10adc3949ba59abbe56e057f20f883e',
    roles: [ '593e4182551ddd6af6d5f13c' ],
    createAt: 2017-06-29T07:56:49.800Z,
    parents: [ '59361d188862e097ef9797f7' ] },
  { _id: 5955f8a9ac26979742850c76,
    name: '带我去废弃物',
    account: '1800119429l',
    pwd: 'e10adc3949ba59abbe56e057f20f883e',
    roles: [ '593e4182551ddd6af6d5f13c' ],
    createAt: 2017-06-30T07:07:21.276Z,
    parents: [ '59361d188862e097ef9797f7' ] },
  { _id: 595a042c598d1b27d2a56a84,
    name: 'mludis',
    account: 'mludis',
    pwd: 'e10adc3949ba59abbe56e057f20f883e',
    roles: [ '593e41ac551ddd6af6d5f13d' ],
    createAt: 2017-07-03T08:45:32.487Z,
    parents: [ '59361d188862e097ef9797f7' ] } ]
[2017-07-03 17:22:33.687] [INFO] record - GET /user/list
[2017-07-03 17:22:33.704] [INFO] record - GET /client/list
[2017-07-03 17:22:46.062] [INFO] console - [ { _id: 59361d188862e097ef9797f7,
    name: '超级管理员',
    account: '18001194295',
    pwd: 'e10adc3949ba59abbe56e057f20f883e',
    roles: [ '59361cc98862e097ef9797f6' ],
    parents: [] },
  { _id: 593e4569d74b526bc3272a53,
    account: '12222222222',
    name: '李文华',
    pwd: 'e10adc3949ba59abbe56e057f20f883e',
    roles: [ '593e4182551ddd6af6d5f13c' ],
    parents: [ '59361d188862e097ef9797f7' ] },
  { _id: 593e4685ac5b766c2671f181,
    name: '旭亮',
    account: '11111111111',
    pwd: 'e10adc3949ba59abbe56e057f20f883e',
    roles: [ '593e41ac551ddd6af6d5f13d', '593e4182551ddd6af6d5f13c' ],
    parents: [ '59361d188862e097ef9797f7' ] },
  { _id: 593e535b6bcc786ed841f111,
    account: '10000000000',
    name: '蛮王',
    pwd: 'e10adc3949ba59abbe56e057f20f883e',
    roles: [ '593e4182551ddd6af6d5f13c' ],
    parents: [ '59361d188862e097ef9797f7', '593e4685ac5b766c2671f181' ] },
  { _id: 594893b3405fb42d7a9eda4a,
    name: '喜洋洋',
    account: '12345678909',
    pwd: 'e10adc3949ba59abbe56e057f20f883e',
    roles: [ '593e4182551ddd6af6d5f13c' ],
    createAt: 2017-06-20T03:17:07.307Z,
    parents: [ '59361d188862e097ef9797f7' ] },
  { _id: 594b23e64f5c464b7ce21717,
    name: 'dwqdwe',
    account: '12345678',
    pwd: 'e10adc3949ba59abbe56e057f20f883e',
    roles: [ '593e41ac551ddd6af6d5f13d' ],
    createAt: 2017-06-22T01:56:54.754Z,
    parents: [ '59361d188862e097ef9797f7' ] },
  { _id: 5954b2c17246398637949a86,
    name: 'wakaka',
    account: '18001194294',
    pwd: 'e10adc3949ba59abbe56e057f20f883e',
    roles: [ '593e4182551ddd6af6d5f13c' ],
    createAt: 2017-06-29T07:56:49.800Z,
    parents: [ '59361d188862e097ef9797f7' ] },
  { _id: 5955f8a9ac26979742850c76,
    name: '带我去废弃物',
    account: '1800119429l',
    pwd: 'e10adc3949ba59abbe56e057f20f883e',
    roles: [ '593e4182551ddd6af6d5f13c' ],
    createAt: 2017-06-30T07:07:21.276Z,
    parents: [ '59361d188862e097ef9797f7' ] },
  { _id: 595a042c598d1b27d2a56a84,
    name: 'mludis',
    account: 'mludis',
    pwd: 'e10adc3949ba59abbe56e057f20f883e',
    roles: [ '593e41ac551ddd6af6d5f13d' ],
    createAt: 2017-07-03T08:45:32.487Z,
    parents: [ '59361d188862e097ef9797f7' ] } ] [ { _id: 59361d188862e097ef9797f7,
    name: '超级管理员',
    account: '18001194295',
    pwd: 'e10adc3949ba59abbe56e057f20f883e',
    roles: [ '59361cc98862e097ef9797f6' ],
    parents: [] },
  { _id: 593e4569d74b526bc3272a53,
    account: '12222222222',
    name: '李文华',
    pwd: 'e10adc3949ba59abbe56e057f20f883e',
    roles: [ '593e4182551ddd6af6d5f13c' ],
    parents: [ '59361d188862e097ef9797f7' ] },
  { _id: 593e4685ac5b766c2671f181,
    name: '旭亮',
    account: '11111111111',
    pwd: 'e10adc3949ba59abbe56e057f20f883e',
    roles: [ '593e41ac551ddd6af6d5f13d', '593e4182551ddd6af6d5f13c' ],
    parents: [ '59361d188862e097ef9797f7' ] },
  { _id: 593e535b6bcc786ed841f111,
    account: '10000000000',
    name: '蛮王',
    pwd: 'e10adc3949ba59abbe56e057f20f883e',
    roles: [ '593e4182551ddd6af6d5f13c' ],
    parents: [ '59361d188862e097ef9797f7', '593e4685ac5b766c2671f181' ] },
  { _id: 594893b3405fb42d7a9eda4a,
    name: '喜洋洋',
    account: '12345678909',
    pwd: 'e10adc3949ba59abbe56e057f20f883e',
    roles: [ '593e4182551ddd6af6d5f13c' ],
    createAt: 2017-06-20T03:17:07.307Z,
    parents: [ '59361d188862e097ef9797f7' ] },
  { _id: 594b23e64f5c464b7ce21717,
    name: 'dwqdwe',
    account: '12345678',
    pwd: 'e10adc3949ba59abbe56e057f20f883e',
    roles: [ '593e41ac551ddd6af6d5f13d' ],
    createAt: 2017-06-22T01:56:54.754Z,
    parents: [ '59361d188862e097ef9797f7' ] },
  { _id: 5954b2c17246398637949a86,
    name: 'wakaka',
    account: '18001194294',
    pwd: 'e10adc3949ba59abbe56e057f20f883e',
    roles: [ '593e4182551ddd6af6d5f13c' ],
    createAt: 2017-06-29T07:56:49.800Z,
    parents: [ '59361d188862e097ef9797f7' ] },
  { _id: 5955f8a9ac26979742850c76,
    name: '带我去废弃物',
    account: '1800119429l',
    pwd: 'e10adc3949ba59abbe56e057f20f883e',
    roles: [ '593e4182551ddd6af6d5f13c' ],
    createAt: 2017-06-30T07:07:21.276Z,
    parents: [ '59361d188862e097ef9797f7' ] },
  { _id: 595a042c598d1b27d2a56a84,
    name: 'mludis',
    account: 'mludis',
    pwd: 'e10adc3949ba59abbe56e057f20f883e',
    roles: [ '593e41ac551ddd6af6d5f13d' ],
    createAt: 2017-07-03T08:45:32.487Z,
    parents: [ '59361d188862e097ef9797f7' ] } ]
[2017-07-03 17:22:46.079] [INFO] record - GET /user/list
[2017-07-03 17:22:46.095] [INFO] record - GET /role/list
[2017-07-03 17:22:46.110] [INFO] record - GET /client/list
[2017-07-03 17:22:48.547] [INFO] record - GET /role/list
[2017-07-03 17:23:00.851] [INFO] console - [ { _id: 59361d188862e097ef9797f7,
    name: '超级管理员',
    account: '18001194295',
    pwd: 'e10adc3949ba59abbe56e057f20f883e',
    roles: [ '59361cc98862e097ef9797f6' ],
    parents: [] },
  { _id: 593e4569d74b526bc3272a53,
    account: '12222222222',
    name: '李文华',
    pwd: 'e10adc3949ba59abbe56e057f20f883e',
    roles: [ '593e4182551ddd6af6d5f13c' ],
    parents: [ '59361d188862e097ef9797f7' ] },
  { _id: 593e4685ac5b766c2671f181,
    name: '旭亮',
    account: '11111111111',
    pwd: 'e10adc3949ba59abbe56e057f20f883e',
    roles: [ '593e41ac551ddd6af6d5f13d', '593e4182551ddd6af6d5f13c' ],
    parents: [ '59361d188862e097ef9797f7' ] },
  { _id: 593e535b6bcc786ed841f111,
    account: '10000000000',
    name: '蛮王',
    pwd: 'e10adc3949ba59abbe56e057f20f883e',
    roles: [ '593e4182551ddd6af6d5f13c' ],
    parents: [ '59361d188862e097ef9797f7', '593e4685ac5b766c2671f181' ] },
  { _id: 594893b3405fb42d7a9eda4a,
    name: '喜洋洋',
    account: '12345678909',
    pwd: 'e10adc3949ba59abbe56e057f20f883e',
    roles: [ '593e4182551ddd6af6d5f13c' ],
    createAt: 2017-06-20T03:17:07.307Z,
    parents: [ '59361d188862e097ef9797f7' ] },
  { _id: 594b23e64f5c464b7ce21717,
    name: 'dwqdwe',
    account: '12345678',
    pwd: 'e10adc3949ba59abbe56e057f20f883e',
    roles: [ '593e41ac551ddd6af6d5f13d' ],
    createAt: 2017-06-22T01:56:54.754Z,
    parents: [ '59361d188862e097ef9797f7' ] },
  { _id: 5954b2c17246398637949a86,
    name: 'wakaka',
    account: '18001194294',
    pwd: 'e10adc3949ba59abbe56e057f20f883e',
    roles: [ '593e4182551ddd6af6d5f13c' ],
    createAt: 2017-06-29T07:56:49.800Z,
    parents: [ '59361d188862e097ef9797f7' ] },
  { _id: 5955f8a9ac26979742850c76,
    name: '带我去废弃物',
    account: '1800119429l',
    pwd: 'e10adc3949ba59abbe56e057f20f883e',
    roles: [ '593e4182551ddd6af6d5f13c' ],
    createAt: 2017-06-30T07:07:21.276Z,
    parents: [ '59361d188862e097ef9797f7' ] },
  { _id: 595a042c598d1b27d2a56a84,
    name: 'mludis',
    account: 'mludis',
    pwd: 'e10adc3949ba59abbe56e057f20f883e',
    roles: [ '593e41ac551ddd6af6d5f13d' ],
    createAt: 2017-07-03T08:45:32.487Z,
    parents: [ '59361d188862e097ef9797f7' ] } ] [ { _id: 59361d188862e097ef9797f7,
    name: '超级管理员',
    account: '18001194295',
    pwd: 'e10adc3949ba59abbe56e057f20f883e',
    roles: [ '59361cc98862e097ef9797f6' ],
    parents: [] },
  { _id: 593e4569d74b526bc3272a53,
    account: '12222222222',
    name: '李文华',
    pwd: 'e10adc3949ba59abbe56e057f20f883e',
    roles: [ '593e4182551ddd6af6d5f13c' ],
    parents: [ '59361d188862e097ef9797f7' ] },
  { _id: 593e4685ac5b766c2671f181,
    name: '旭亮',
    account: '11111111111',
    pwd: 'e10adc3949ba59abbe56e057f20f883e',
    roles: [ '593e41ac551ddd6af6d5f13d', '593e4182551ddd6af6d5f13c' ],
    parents: [ '59361d188862e097ef9797f7' ] },
  { _id: 593e535b6bcc786ed841f111,
    account: '10000000000',
    name: '蛮王',
    pwd: 'e10adc3949ba59abbe56e057f20f883e',
    roles: [ '593e4182551ddd6af6d5f13c' ],
    parents: [ '59361d188862e097ef9797f7', '593e4685ac5b766c2671f181' ] },
  { _id: 594893b3405fb42d7a9eda4a,
    name: '喜洋洋',
    account: '12345678909',
    pwd: 'e10adc3949ba59abbe56e057f20f883e',
    roles: [ '593e4182551ddd6af6d5f13c' ],
    createAt: 2017-06-20T03:17:07.307Z,
    parents: [ '59361d188862e097ef9797f7' ] },
  { _id: 594b23e64f5c464b7ce21717,
    name: 'dwqdwe',
    account: '12345678',
    pwd: 'e10adc3949ba59abbe56e057f20f883e',
    roles: [ '593e41ac551ddd6af6d5f13d' ],
    createAt: 2017-06-22T01:56:54.754Z,
    parents: [ '59361d188862e097ef9797f7' ] },
  { _id: 5954b2c17246398637949a86,
    name: 'wakaka',
    account: '18001194294',
    pwd: 'e10adc3949ba59abbe56e057f20f883e',
    roles: [ '593e4182551ddd6af6d5f13c' ],
    createAt: 2017-06-29T07:56:49.800Z,
    parents: [ '59361d188862e097ef9797f7' ] },
  { _id: 5955f8a9ac26979742850c76,
    name: '带我去废弃物',
    account: '1800119429l',
    pwd: 'e10adc3949ba59abbe56e057f20f883e',
    roles: [ '593e4182551ddd6af6d5f13c' ],
    createAt: 2017-06-30T07:07:21.276Z,
    parents: [ '59361d188862e097ef9797f7' ] },
  { _id: 595a042c598d1b27d2a56a84,
    name: 'mludis',
    account: 'mludis',
    pwd: 'e10adc3949ba59abbe56e057f20f883e',
    roles: [ '593e41ac551ddd6af6d5f13d' ],
    createAt: 2017-07-03T08:45:32.487Z,
    parents: [ '59361d188862e097ef9797f7' ] } ]
[2017-07-03 17:23:00.883] [INFO] record - GET /user/list
[2017-07-03 17:23:00.915] [INFO] record - GET /client/list
