[2017-07-05 09:25:14.310] [INFO] record - GET /islogin
[2017-07-05 09:26:36.518] [INFO] record - OPTIONS /login
[2017-07-05 09:26:36.696] [INFO] record - POST /login
[2017-07-05 09:26:37.047] [INFO] record - GET /user/list
[2017-07-05 09:26:37.125] [INFO] record - GET /role/list
[2017-07-05 09:26:37.149] [INFO] record - GET /client/list
[2017-07-05 09:26:40.466] [INFO] record - GET /bill/list
[2017-07-05 09:26:41.814] [INFO] record - GET /user/list
[2017-07-05 09:26:41.957] [INFO] record - GET /client/list
[2017-07-05 09:26:45.241] [INFO] record - GET /role/list
[2017-07-05 09:26:46.844] [INFO] record - GET /version/list
[2017-07-05 09:26:48.372] [INFO] record - GET /user/list
[2017-07-05 09:26:48.414] [INFO] record - GET /client/list
[2017-07-05 09:26:48.414] [INFO] record - GET /role/list
[2017-07-05 09:26:49.575] [INFO] record - GET /bill/list
[2017-07-05 09:28:31.963] [INFO] record - GET /islogin
[2017-07-05 09:28:32.558] [INFO] record - GET /bill/list
[2017-07-05 09:30:19.353] [INFO] record - GET /islogin
[2017-07-05 09:30:19.948] [INFO] record - GET /bill/list
[2017-07-05 09:30:49.906] [INFO] record - GET /islogin
[2017-07-05 09:30:50.550] [INFO] record - GET /bill/list
[2017-07-05 09:31:20.794] [INFO] record - GET /islogin
[2017-07-05 09:31:23.388] [INFO] record - GET /bill/list
[2017-07-05 09:33:58.541] [INFO] record - GET /user/list
[2017-07-05 09:33:58.547] [INFO] record - GET /role/list
[2017-07-05 09:33:58.577] [INFO] record - GET /client/list
[2017-07-05 09:34:01.772] [INFO] record - GET /user/list
[2017-07-05 09:34:01.822] [INFO] record - GET /client/list
[2017-07-05 09:34:03.486] [INFO] record - GET /role/list
[2017-07-05 09:34:05.021] [INFO] record - GET /version/list
[2017-07-05 09:34:06.306] [INFO] record - GET /user/list
[2017-07-05 09:34:06.339] [INFO] record - GET /client/list
[2017-07-05 09:34:07.267] [INFO] record - GET /user/list
[2017-07-05 09:34:07.309] [INFO] record - GET /role/list
[2017-07-05 09:34:07.325] [INFO] record - GET /client/list
[2017-07-05 09:34:08.362] [INFO] record - GET /bill/list
[2017-07-05 09:34:14.843] [INFO] record - GET /user/list
[2017-07-05 09:34:14.883] [INFO] record - GET /role/list
[2017-07-05 09:34:15.038] [INFO] record - GET /client/list
[2017-07-05 09:34:16.754] [INFO] record - GET /user/list
[2017-07-05 09:34:16.782] [INFO] record - GET /client/list
[2017-07-05 09:34:17.615] [INFO] record - GET /bill/list
[2017-07-05 09:43:53.057] [INFO] record - GET /bill/list
[2017-07-05 09:46:06.292] [INFO] record - GET /islogin
[2017-07-05 09:46:07.147] [INFO] record - GET /bill/list
[2017-07-05 09:47:18.911] [INFO] record - GET /bill/list
[2017-07-05 09:47:25.791] [INFO] record - GET /islogin
[2017-07-05 09:47:26.405] [INFO] record - GET /bill/list
[2017-07-05 09:47:47.366] [INFO] record - GET /islogin
[2017-07-05 09:47:48.329] [INFO] record - GET /bill/list
[2017-07-05 09:48:59.893] [INFO] record - GET /bill/list
[2017-07-05 09:49:05.741] [INFO] record - GET /islogin
[2017-07-05 09:49:06.360] [INFO] record - GET /bill/list
[2017-07-05 09:49:39.172] [INFO] record - GET /bill/list
[2017-07-05 09:49:42.758] [INFO] record - GET /bill/list
[2017-07-05 09:49:45.577] [INFO] record - GET /islogin
[2017-07-05 09:49:46.166] [INFO] record - GET /bill/list
[2017-07-05 09:49:57.701] [INFO] record - GET /bill/list
[2017-07-05 09:50:02.068] [INFO] record - GET /islogin
[2017-07-05 09:50:02.707] [INFO] record - GET /bill/list
[2017-07-05 09:50:26.617] [INFO] record - GET /bill/list
[2017-07-05 09:50:41.941] [INFO] record - GET /bill/list
[2017-07-05 09:51:21.723] [INFO] record - GET /bill/list
[2017-07-05 09:51:35.203] [INFO] record - GET /islogin
[2017-07-05 09:51:35.688] [INFO] record - GET /bill/list
[2017-07-05 09:53:24.648] [INFO] record - GET /bill/list
[2017-07-05 09:53:31.621] [INFO] record - GET /islogin
[2017-07-05 09:53:32.462] [INFO] record - GET /bill/list
[2017-07-05 09:54:03.895] [INFO] record - GET /bill/list
[2017-07-05 09:54:27.132] [INFO] record - GET /bill/list
[2017-07-05 09:54:35.983] [INFO] record - GET /islogin
[2017-07-05 09:54:36.671] [INFO] record - GET /bill/list
[2017-07-05 09:56:08.573] [INFO] record - GET /bill/list
[2017-07-05 09:56:48.755] [INFO] record - GET /islogin
[2017-07-05 09:56:49.495] [INFO] record - GET /bill/list
[2017-07-05 09:57:44.903] [INFO] record - GET /bill/list
[2017-07-05 09:58:00.702] [INFO] record - GET /bill/list
[2017-07-05 09:58:56.298] [INFO] record - GET /islogin
[2017-07-05 09:58:56.839] [INFO] record - GET /bill/list
[2017-07-05 10:00:54.486] [INFO] record - GET /bill/list
[2017-07-05 10:01:22.835] [INFO] record - GET /bill/list
[2017-07-05 10:01:30.474] [INFO] record - GET /islogin
[2017-07-05 10:01:31.043] [INFO] record - GET /bill/list
[2017-07-05 10:01:38.222] [INFO] record - GET /bill/list
[2017-07-05 10:01:39.652] [INFO] record - GET /islogin
[2017-07-05 10:01:40.214] [INFO] record - GET /bill/list
[2017-07-05 10:02:38.394] [INFO] record - GET /bill/list
[2017-07-05 10:02:44.056] [INFO] record - GET /islogin
[2017-07-05 10:02:44.577] [INFO] record - GET /bill/list
[2017-07-05 10:03:00.309] [INFO] record - GET /bill/list
[2017-07-05 10:04:27.876] [INFO] record - GET /bill/list
[2017-07-05 10:07:00.725] [INFO] record - GET /bill/list
[2017-07-05 10:07:20.571] [INFO] record - GET /bill/list
[2017-07-05 10:08:26.463] [INFO] record - GET /bill/list
[2017-07-05 10:08:38.440] [INFO] record - GET /islogin
[2017-07-05 10:08:39.141] [INFO] record - GET /bill/list
[2017-07-05 10:09:12.821] [INFO] record - GET /bill/list
[2017-07-05 10:09:52.763] [INFO] record - GET /bill/list
[2017-07-05 10:12:51.341] [INFO] record - GET /bill/list
[2017-07-05 10:12:56.441] [INFO] record - GET /islogin
[2017-07-05 10:12:57.212] [INFO] record - GET /bill/list
[2017-07-05 10:13:17.429] [INFO] record - GET /bill/list
[2017-07-05 10:14:19.913] [INFO] record - GET /bill/list
[2017-07-05 10:14:30.260] [INFO] record - GET /user/list
[2017-07-05 10:14:30.263] [INFO] record - GET /role/list
[2017-07-05 10:14:30.390] [INFO] record - GET /client/list
[2017-07-05 10:14:31.925] [INFO] record - GET /user/list
[2017-07-05 10:14:31.940] [INFO] record - GET /client/list
[2017-07-05 10:14:34.861] [INFO] record - OPTIONS /client/service/list
[2017-07-05 10:14:34.943] [INFO] record - POST /client/service/list
[2017-07-05 10:14:36.417] [INFO] record - GET /user/list
[2017-07-05 10:14:36.462] [INFO] record - GET /client/list
[2017-07-05 10:14:37.088] [INFO] record - GET /role/list
[2017-07-05 10:14:38.062] [INFO] record - GET /version/list
[2017-07-05 10:14:39.072] [INFO] record - GET /bill/list
[2017-07-05 10:18:07.400] [INFO] console - 导出账单
[2017-07-05 10:18:07.572] [INFO] record - GET /bill/export
[2017-07-05 10:20:24.272] [INFO] record - GET /bill/list
[2017-07-05 10:20:50.249] [INFO] record - GET /bill/list
[2017-07-05 10:21:40.032] [INFO] record - GET /bill/list
[2017-07-05 10:21:42.535] [INFO] record - GET /bill/list
[2017-07-05 10:22:56.558] [INFO] record - GET /bill/list
[2017-07-05 10:26:40.304] [INFO] record - GET /bill/list
[2017-07-05 10:26:45.881] [INFO] record - OPTIONS /login
[2017-07-05 10:26:45.924] [INFO] record - POST /login
[2017-07-05 10:26:46.030] [INFO] record - GET /bill/list
[2017-07-05 10:26:50.266] [INFO] record - GET /user/list
[2017-07-05 10:26:50.305] [INFO] record - GET /role/list
[2017-07-05 10:26:50.312] [INFO] record - GET /client/list
[2017-07-05 10:26:51.606] [INFO] record - GET /bill/list
[2017-07-05 10:28:22.157] [INFO] console - Express server listening on port 3000
[2017-07-05 10:28:26.305] [INFO] record - GET /user/list
[2017-07-05 10:28:26.515] [INFO] record - GET /role/list
[2017-07-05 10:28:26.542] [INFO] record - GET /client/list
[2017-07-05 10:28:27.866] [INFO] record - GET /bill/list
[2017-07-05 10:29:49.866] [INFO] record - GET /bill/list
[2017-07-05 10:34:14.250] [INFO] record - GET /bill/list
[2017-07-05 10:34:28.694] [INFO] console - 导出账单
[2017-07-05 10:34:28.827] [INFO] record - GET /bill/export?p=595b4dd0c5fbc044bf2e0bb8,595b4dd0c5fbc044bf2e0bb9,595b4dd0c5fbc044bf2e0bba,595b4dd0c5fbc044bf2e0bbb,595b4dd0c5fbc044bf2e0bbc
[2017-07-05 10:35:40.912] [INFO] console - Express server listening on port 3000
[2017-07-05 10:35:45.936] [INFO] console - 导出账单
[2017-07-05 10:35:45.937] [INFO] console - 595b4dd0c5fbc044bf2e0bb8,595b4dd0c5fbc044bf2e0bb9,595b4dd0c5fbc044bf2e0bba,595b4dd0c5fbc044bf2e0bbb,595b4dd0c5fbc044bf2e0bbc
[2017-07-05 10:35:46.076] [INFO] record - GET /bill/export?p=595b4dd0c5fbc044bf2e0bb8,595b4dd0c5fbc044bf2e0bb9,595b4dd0c5fbc044bf2e0bba,595b4dd0c5fbc044bf2e0bbb,595b4dd0c5fbc044bf2e0bbc
[2017-07-05 10:50:24.236] [INFO] console - Express server listening on port 3000
[2017-07-05 10:50:28.452] [INFO] console - 导出账单 [ '595b4dd0c5fbc044bf2e0bb8',
  '595b4dd0c5fbc044bf2e0bb9',
  '595b4dd0c5fbc044bf2e0bba',
  '595b4dd0c5fbc044bf2e0bbb',
  '595b4dd0c5fbc044bf2e0bbc' ]
[2017-07-05 10:50:28.479] [ERROR] console - Error: No default engine was specified and no extension was provided.
    at new View (/Users/ludis/Mac/projects/Vue/backend/node_modules/._express@4.13.4@express/lib/view.js:62:11)
    at EventEmitter.render (/Users/ludis/Mac/projects/Vue/backend/node_modules/._express@4.13.4@express/lib/application.js:569:12)
    at ServerResponse.render (/Users/ludis/Mac/projects/Vue/backend/node_modules/._express@4.13.4@express/lib/response.js:961:7)
    at /Users/ludis/Mac/projects/Vue/backend/server/app.js:78:6
    at Layer.handle_error (/Users/ludis/Mac/projects/Vue/backend/node_modules/._express@4.13.4@express/lib/router/layer.js:71:5)
    at trim_prefix (/Users/ludis/Mac/projects/Vue/backend/node_modules/._express@4.13.4@express/lib/router/index.js:310:13)
    at /Users/ludis/Mac/projects/Vue/backend/node_modules/._express@4.13.4@express/lib/router/index.js:280:7
    at Function.process_params (/Users/ludis/Mac/projects/Vue/backend/node_modules/._express@4.13.4@express/lib/router/index.js:330:12)
    at next (/Users/ludis/Mac/projects/Vue/backend/node_modules/._express@4.13.4@express/lib/router/index.js:271:10)
    at Layer.handle_error (/Users/ludis/Mac/projects/Vue/backend/node_modules/._express@4.13.4@express/lib/router/layer.js:67:12)
[2017-07-05 10:50:28.491] [INFO] record - GET /bill/export?p=595b4dd0c5fbc044bf2e0bb8,595b4dd0c5fbc044bf2e0bb9,595b4dd0c5fbc044bf2e0bba,595b4dd0c5fbc044bf2e0bbb,595b4dd0c5fbc044bf2e0bbc
[2017-07-05 10:50:29.255] [INFO] record - GET /favicon.ico
[2017-07-05 10:51:47.568] [INFO] console - Express server listening on port 3000
[2017-07-05 10:51:58.661] [INFO] console - 导出账单 [ '595b4dd0c5fbc044bf2e0bb8',
  '595b4dd0c5fbc044bf2e0bb9',
  '595b4dd0c5fbc044bf2e0bba',
  '595b4dd0c5fbc044bf2e0bbb',
  '595b4dd0c5fbc044bf2e0bbc' ]
[2017-07-05 10:51:58.686] [INFO] record - GET /bill/export?p=595b4dd0c5fbc044bf2e0bb8,595b4dd0c5fbc044bf2e0bb9,595b4dd0c5fbc044bf2e0bba,595b4dd0c5fbc044bf2e0bbb,595b4dd0c5fbc044bf2e0bbc
[2017-07-05 10:51:58.690] [ERROR] console - Error: No default engine was specified and no extension was provided.
    at new View (/Users/ludis/Mac/projects/Vue/backend/node_modules/._express@4.13.4@express/lib/view.js:62:11)
    at EventEmitter.render (/Users/ludis/Mac/projects/Vue/backend/node_modules/._express@4.13.4@express/lib/application.js:569:12)
    at ServerResponse.render (/Users/ludis/Mac/projects/Vue/backend/node_modules/._express@4.13.4@express/lib/response.js:961:7)
    at /Users/ludis/Mac/projects/Vue/backend/server/app.js:78:6
    at Layer.handle_error (/Users/ludis/Mac/projects/Vue/backend/node_modules/._express@4.13.4@express/lib/router/layer.js:71:5)
    at trim_prefix (/Users/ludis/Mac/projects/Vue/backend/node_modules/._express@4.13.4@express/lib/router/index.js:310:13)
    at /Users/ludis/Mac/projects/Vue/backend/node_modules/._express@4.13.4@express/lib/router/index.js:280:7
    at Function.process_params (/Users/ludis/Mac/projects/Vue/backend/node_modules/._express@4.13.4@express/lib/router/index.js:330:12)
    at next (/Users/ludis/Mac/projects/Vue/backend/node_modules/._express@4.13.4@express/lib/router/index.js:271:10)
    at Layer.handle_error (/Users/ludis/Mac/projects/Vue/backend/node_modules/._express@4.13.4@express/lib/router/layer.js:67:12)
[2017-07-05 10:51:59.388] [INFO] record - GET /favicon.ico
[2017-07-05 10:53:16.554] [INFO] console - Express server listening on port 3000
[2017-07-05 10:53:19.711] [INFO] console - 导出账单 [ '595b4dd0c5fbc044bf2e0bb8',
  '595b4dd0c5fbc044bf2e0bb9',
  '595b4dd0c5fbc044bf2e0bba',
  '595b4dd0c5fbc044bf2e0bbb',
  '595b4dd0c5fbc044bf2e0bbc' ]
[2017-07-05 10:53:19.804] [INFO] console - { clientId: '5954609c57916679fcd62f2d',
  clientName: '诺克萨斯',
  month: 7,
  settle: 0 }
[2017-07-05 10:53:19.816] [INFO] console - { clientId: '59546cb3c2a13c7caf50f62f',
  clientName: '德玛西亚',
  month: 7,
  settle: 228 }
[2017-07-05 10:53:19.837] [INFO] console - { clientId: '5954c8cbd773c88b29b79b0d',
  clientName: '哈撒该',
  month: 7,
  settle: 0 }
[2017-07-05 10:53:19.839] [INFO] console - { clientId: '59599f4fac10e21dfddec175',
  clientName: '大军师司马懿',
  month: 7,
  settle: 0 }
[2017-07-05 10:53:19.842] [INFO] console - { clientId: '5959a9d2e29d341e2a6abf70',
  clientName: '青青草原',
  month: 7,
  settle: 0 }
[2017-07-05 10:53:19.844] [INFO] console - [ [ '诺克萨斯', 7, 0 ],
  [ '德玛西亚', 7, 228 ],
  [ '哈撒该', 7, 0 ],
  [ '大军师司马懿', 7, 0 ],
  [ '青青草原', 7, 0 ] ] '7月账单'
[2017-07-05 10:53:19.929] [ERROR] console - (node:20574) UnhandledPromiseRejectionWarning: Unhandled promise rejection (rejection id: 1): TypeError: The header content contains invalid characters
[2017-07-05 10:55:06.996] [INFO] console - Express server listening on port 3000
[2017-07-05 10:55:08.148] [INFO] console - 导出账单 [ '595b4dd0c5fbc044bf2e0bb8',
  '595b4dd0c5fbc044bf2e0bb9',
  '595b4dd0c5fbc044bf2e0bba',
  '595b4dd0c5fbc044bf2e0bbb',
  '595b4dd0c5fbc044bf2e0bbc' ]
[2017-07-05 10:55:08.312] [ERROR] console - (node:20598) UnhandledPromiseRejectionWarning: Unhandled promise rejection (rejection id: 1): TypeError: The header content contains invalid characters
[2017-07-05 10:55:19.194] [INFO] console - 导出账单 [ '595b4dd0c5fbc044bf2e0bb8',
  '595b4dd0c5fbc044bf2e0bb9',
  '595b4dd0c5fbc044bf2e0bba',
  '595b4dd0c5fbc044bf2e0bbb',
  '595b4dd0c5fbc044bf2e0bbc' ]
[2017-07-05 10:55:19.264] [ERROR] console - (node:20598) UnhandledPromiseRejectionWarning: Unhandled promise rejection (rejection id: 2): TypeError: The header content contains invalid characters
[2017-07-05 10:55:41.226] [INFO] console - Express server listening on port 3000
[2017-07-05 10:55:41.935] [INFO] console - 导出账单 [ '595b4dd0c5fbc044bf2e0bb8',
  '595b4dd0c5fbc044bf2e0bb9',
  '595b4dd0c5fbc044bf2e0bba',
  '595b4dd0c5fbc044bf2e0bbb',
  '595b4dd0c5fbc044bf2e0bbc' ]
[2017-07-05 10:55:42.102] [INFO] record - GET /bill/export?p=595b4dd0c5fbc044bf2e0bb8,595b4dd0c5fbc044bf2e0bb9,595b4dd0c5fbc044bf2e0bba,595b4dd0c5fbc044bf2e0bbb,595b4dd0c5fbc044bf2e0bbc
[2017-07-05 10:58:15.519] [INFO] console - Express server listening on port 3000
[2017-07-05 10:58:21.716] [INFO] console - 导出账单 [ '595b4dd0c5fbc044bf2e0bb8',
  '595b4dd0c5fbc044bf2e0bb9',
  '595b4dd0c5fbc044bf2e0bba',
  '595b4dd0c5fbc044bf2e0bbb',
  '595b4dd0c5fbc044bf2e0bbc' ]
[2017-07-05 10:58:21.853] [ERROR] console - (node:20642) UnhandledPromiseRejectionWarning: Unhandled promise rejection (rejection id: 1): ReferenceError: excelName is not defined
[2017-07-05 10:58:50.210] [INFO] console - Express server listening on port 3000
[2017-07-05 10:58:52.796] [INFO] console - 导出账单 [ '595b4dd0c5fbc044bf2e0bb8',
  '595b4dd0c5fbc044bf2e0bb9',
  '595b4dd0c5fbc044bf2e0bba',
  '595b4dd0c5fbc044bf2e0bbb',
  '595b4dd0c5fbc044bf2e0bbc' ]
[2017-07-05 10:58:52.977] [ERROR] console - (node:20657) UnhandledPromiseRejectionWarning: Unhandled promise rejection (rejection id: 1): TypeError: filename.getBytes is not a function
[2017-07-05 10:59:20.958] [INFO] console - Express server listening on port 3000
[2017-07-05 10:59:23.841] [INFO] console - 导出账单 [ '595b4dd0c5fbc044bf2e0bb8',
  '595b4dd0c5fbc044bf2e0bb9',
  '595b4dd0c5fbc044bf2e0bba',
  '595b4dd0c5fbc044bf2e0bbb',
  '595b4dd0c5fbc044bf2e0bbc' ]
[2017-07-05 10:59:23.894] [ERROR] console - (node:20671) UnhandledPromiseRejectionWarning: Unhandled promise rejection (rejection id: 1): TypeError: filename.getBytes is not a function
[2017-07-05 11:03:57.829] [INFO] console - Express server listening on port 3000
[2017-07-05 11:04:04.127] [INFO] console - 导出账单 [ '595b4dd0c5fbc044bf2e0bb8',
  '595b4dd0c5fbc044bf2e0bb9',
  '595b4dd0c5fbc044bf2e0bba',
  '595b4dd0c5fbc044bf2e0bbb',
  '595b4dd0c5fbc044bf2e0bbc' ]
[2017-07-05 11:04:04.238] [ERROR] console - (node:20702) UnhandledPromiseRejectionWarning: Unhandled promise rejection (rejection id: 1): ReferenceError: urlencode is not defined
[2017-07-05 11:04:12.048] [INFO] console - 导出账单 [ '595b4dd0c5fbc044bf2e0bb8',
  '595b4dd0c5fbc044bf2e0bb9',
  '595b4dd0c5fbc044bf2e0bba',
  '595b4dd0c5fbc044bf2e0bbb',
  '595b4dd0c5fbc044bf2e0bbc' ]
[2017-07-05 11:04:12.144] [ERROR] console - (node:20702) UnhandledPromiseRejectionWarning: Unhandled promise rejection (rejection id: 2): ReferenceError: urlencode is not defined
[2017-07-05 11:05:46.374] [INFO] console - Express server listening on port 3000
[2017-07-05 11:05:50.108] [INFO] console - 导出账单 [ '595b4dd0c5fbc044bf2e0bb8',
  '595b4dd0c5fbc044bf2e0bb9',
  '595b4dd0c5fbc044bf2e0bba',
  '595b4dd0c5fbc044bf2e0bbb',
  '595b4dd0c5fbc044bf2e0bbc' ]
[2017-07-05 11:05:50.247] [INFO] record - GET /bill/export?p=595b4dd0c5fbc044bf2e0bb8,595b4dd0c5fbc044bf2e0bb9,595b4dd0c5fbc044bf2e0bba,595b4dd0c5fbc044bf2e0bbb,595b4dd0c5fbc044bf2e0bbc
[2017-07-05 11:06:09.933] [INFO] console - Express server listening on port 3000
[2017-07-05 11:06:17.594] [INFO] console - 导出账单 [ '595b4dd0c5fbc044bf2e0bb8',
  '595b4dd0c5fbc044bf2e0bb9',
  '595b4dd0c5fbc044bf2e0bba',
  '595b4dd0c5fbc044bf2e0bbb',
  '595b4dd0c5fbc044bf2e0bbc' ]
[2017-07-05 11:06:17.762] [INFO] record - GET /bill/export?p=595b4dd0c5fbc044bf2e0bb8,595b4dd0c5fbc044bf2e0bb9,595b4dd0c5fbc044bf2e0bba,595b4dd0c5fbc044bf2e0bbb,595b4dd0c5fbc044bf2e0bbc
[2017-07-05 11:07:38.794] [INFO] console - Express server listening on port 3000
[2017-07-05 11:07:42.859] [INFO] console - 导出账单 [ '595b4dd0c5fbc044bf2e0bb8',
  '595b4dd0c5fbc044bf2e0bb9',
  '595b4dd0c5fbc044bf2e0bba',
  '595b4dd0c5fbc044bf2e0bbb',
  '595b4dd0c5fbc044bf2e0bbc' ]
[2017-07-05 11:07:43.051] [INFO] record - GET /bill/export?p=595b4dd0c5fbc044bf2e0bb8,595b4dd0c5fbc044bf2e0bb9,595b4dd0c5fbc044bf2e0bba,595b4dd0c5fbc044bf2e0bbb,595b4dd0c5fbc044bf2e0bbc
[2017-07-05 11:11:15.359] [INFO] console - 导出账单 [ '595b4dd0c5fbc044bf2e0bb8' ]
[2017-07-05 11:11:15.514] [INFO] record - GET /bill/export?p=595b4dd0c5fbc044bf2e0bb8
[2017-07-05 11:12:12.093] [INFO] record - GET /bill/list
[2017-07-05 11:12:55.507] [INFO] record - GET /bill/list
[2017-07-05 11:14:14.664] [INFO] record - GET /user/list
[2017-07-05 11:14:14.725] [INFO] record - GET /role/list
[2017-07-05 11:14:14.743] [INFO] record - GET /client/list
[2017-07-05 11:14:15.980] [INFO] record - GET /user/list
[2017-07-05 11:14:15.998] [INFO] record - GET /client/list
[2017-07-05 11:14:16.952] [INFO] record - GET /role/list
[2017-07-05 11:14:17.771] [INFO] record - GET /user/list
[2017-07-05 11:14:17.788] [INFO] record - GET /client/list
[2017-07-05 11:14:21.608] [INFO] record - OPTIONS /client/service/list
[2017-07-05 11:14:21.689] [INFO] record - POST /client/service/list
[2017-07-05 11:14:24.407] [INFO] record - GET /user/list
[2017-07-05 11:14:24.430] [INFO] record - GET /client/list
[2017-07-05 11:14:25.658] [INFO] record - OPTIONS /client/service/list
[2017-07-05 11:14:25.680] [INFO] record - POST /client/service/list
[2017-07-05 11:14:27.063] [INFO] record - GET /user/list
[2017-07-05 11:14:27.084] [INFO] record - GET /client/list
[2017-07-05 11:14:35.914] [INFO] record - GET /role/list
[2017-07-05 11:14:41.476] [INFO] record - GET /version/list
[2017-07-05 11:14:42.503] [INFO] record - GET /role/list
[2017-07-05 11:14:43.332] [INFO] record - GET /version/list
[2017-07-05 11:14:45.228] [INFO] record - GET /role/list
[2017-07-05 11:14:46.121] [INFO] record - GET /user/list
[2017-07-05 11:14:46.147] [INFO] record - GET /client/list
[2017-07-05 11:14:46.874] [INFO] record - GET /user/list
[2017-07-05 11:14:46.904] [INFO] record - GET /role/list
[2017-07-05 11:14:46.925] [INFO] record - GET /client/list
[2017-07-05 11:14:47.521] [INFO] record - GET /bill/list
