[2017-07-17 10:55:47.144] [INFO] console - Express server listening on port 3000
[2017-07-17 10:55:55.288] [INFO] record - GET /islogin
[2017-07-17 10:55:58.204] [INFO] record - OPTIONS /login
[2017-07-17 10:55:58.380] [INFO] record - POST /login
[2017-07-17 10:56:01.002] [INFO] record - GET /user/list
[2017-07-17 10:56:01.087] [INFO] record - GET /role/list
[2017-07-17 10:56:01.167] [INFO] record - GET /client/list
[2017-07-17 10:56:09.352] [INFO] record - GET /user/list
[2017-07-17 10:56:09.409] [INFO] record - GET /client/list
[2017-07-17 10:57:34.241] [INFO] record - GET /user/list
[2017-07-17 10:57:34.275] [INFO] record - GET /role/list
[2017-07-17 10:57:34.294] [INFO] record - GET /client/list
[2017-07-17 10:57:47.955] [INFO] record - GET /islogin
[2017-07-17 10:57:48.779] [INFO] record - GET /user/list
[2017-07-17 10:57:48.913] [INFO] record - GET /role/list
[2017-07-17 10:57:48.919] [INFO] record - GET /client/list
[2017-07-17 11:03:19.562] [INFO] console - Express server listening on port 3000
[2017-07-17 11:26:31.774] [INFO] record - GET /user/list
[2017-07-17 11:26:31.905] [INFO] record - GET /client/list
[2017-07-17 11:31:59.318] [INFO] record - GET /user/list
[2017-07-17 11:31:59.399] [INFO] record - GET /role/list
[2017-07-17 11:31:59.471] [INFO] record - GET /client/list
[2017-07-17 11:32:03.346] [INFO] record - GET /user/list
[2017-07-17 11:32:03.404] [INFO] record - GET /client/list
[2017-07-17 14:42:28.266] [INFO] record - GET /role/list
[2017-07-17 14:42:28.289] [INFO] record - GET /client/list
[2017-07-17 14:42:28.292] [INFO] record - GET /user/list
[2017-07-17 14:42:35.858] [INFO] record - OPTIONS /login
[2017-07-17 14:42:36.160] [INFO] record - POST /login
[2017-07-17 14:42:36.414] [INFO] record - GET /user/list
[2017-07-17 14:42:36.453] [INFO] record - GET /role/list
[2017-07-17 14:42:36.474] [INFO] record - GET /client/list
[2017-07-17 14:42:38.864] [INFO] record - GET /user/list
[2017-07-17 14:42:38.900] [INFO] record - GET /client/list
[2017-07-17 14:42:41.899] [INFO] record - OPTIONS /client/service/list
[2017-07-17 14:42:42.130] [INFO] record - POST /client/service/list
[2017-07-17 14:59:22.593] [INFO] record - GET /islogin
[2017-07-17 14:59:23.669] [INFO] record - OPTIONS /client/service/list
[2017-07-17 14:59:24.613] [INFO] record - POST /client/service/list
[2017-07-17 15:00:37.317] [INFO] record - GET /islogin
[2017-07-17 15:00:38.266] [INFO] record - OPTIONS /client/service/list
[2017-07-17 15:00:38.587] [INFO] record - POST /client/service/list
[2017-07-17 15:07:19.539] [INFO] record - GET /user/list
[2017-07-17 15:07:19.609] [INFO] record - GET /client/list
[2017-07-17 15:18:54.976] [INFO] record - GET /user/list
[2017-07-17 15:18:55.025] [INFO] record - GET /role/list
[2017-07-17 15:18:55.046] [INFO] record - GET /client/list
[2017-07-17 15:19:07.166] [INFO] record - GET /user/list
[2017-07-17 15:19:07.201] [INFO] record - GET /client/list
[2017-07-17 15:53:00.509] [INFO] record - GET /role/list
[2017-07-17 15:53:00.513] [INFO] record - GET /client/list
[2017-07-17 15:53:00.514] [INFO] record - GET /user/list
[2017-07-17 15:53:08.371] [INFO] record - OPTIONS /login
[2017-07-17 15:53:08.520] [INFO] record - POST /login
[2017-07-17 15:53:08.682] [INFO] record - GET /user/list
[2017-07-17 15:53:08.743] [INFO] record - GET /role/list
[2017-07-17 15:53:08.806] [INFO] record - GET /client/list
[2017-07-17 15:53:14.680] [INFO] record - GET /logout
[2017-07-17 15:53:18.113] [INFO] record - OPTIONS /login
[2017-07-17 15:53:18.163] [INFO] record - POST /login
[2017-07-17 15:53:18.277] [INFO] record - GET /role/list
[2017-07-17 15:53:18.319] [INFO] record - GET /user/list
[2017-07-17 15:53:18.364] [INFO] record - GET /client/list
[2017-07-17 15:53:20.817] [INFO] record - GET /user/list
[2017-07-17 15:53:20.836] [INFO] record - GET /client/list
[2017-07-17 15:53:26.702] [INFO] record - GET /logout
[2017-07-17 15:53:33.164] [INFO] record - OPTIONS /login
[2017-07-17 15:53:33.196] [INFO] record - POST /login
[2017-07-17 15:53:33.312] [INFO] record - GET /user/list
[2017-07-17 15:53:33.362] [INFO] record - GET /client/list
[2017-07-17 15:53:40.023] [INFO] record - GET /user/list
[2017-07-17 15:53:40.038] [INFO] record - GET /role/list
[2017-07-17 15:53:40.063] [INFO] record - GET /client/list
[2017-07-17 15:53:49.954] [INFO] record - GET /logout
[2017-07-17 15:53:52.896] [INFO] record - OPTIONS /login
[2017-07-17 15:53:52.916] [INFO] record - POST /login
[2017-07-17 15:53:53.022] [INFO] record - GET /role/list
[2017-07-17 15:53:53.026] [INFO] record - GET /user/list
[2017-07-17 15:53:53.042] [INFO] record - GET /client/list
[2017-07-17 15:53:55.358] [INFO] record - GET /user/list
[2017-07-17 15:53:55.387] [INFO] record - GET /client/list
[2017-07-17 15:53:57.056] [INFO] record - OPTIONS /client/service/list
[2017-07-17 15:53:57.204] [INFO] record - POST /client/service/list
[2017-07-17 15:53:59.107] [INFO] record - GET /user/list
[2017-07-17 15:53:59.130] [INFO] record - GET /client/list
[2017-07-17 15:55:43.211] [INFO] record - GET /logout
[2017-07-17 15:55:49.329] [INFO] record - OPTIONS /login
[2017-07-17 15:55:49.371] [INFO] record - POST /login
[2017-07-17 15:55:49.512] [INFO] record - GET /user/list
[2017-07-17 15:55:49.605] [INFO] record - GET /client/list
[2017-07-17 16:31:27.038] [INFO] record - GET /user/list
[2017-07-17 16:31:27.087] [INFO] record - GET /role/list
[2017-07-17 16:31:27.118] [INFO] record - GET /client/list
[2017-07-17 16:31:27.877] [INFO] record - GET /user/list
[2017-07-17 16:31:27.909] [INFO] record - GET /client/list
[2017-07-17 17:13:09.054] [INFO] record - GET /role/list
[2017-07-17 17:13:09.064] [INFO] record - GET /client/list
[2017-07-17 17:13:09.066] [INFO] record - GET /user/list
[2017-07-17 17:13:11.195] [INFO] record - OPTIONS /login
[2017-07-17 17:13:11.469] [INFO] record - POST /login
[2017-07-17 17:13:11.698] [INFO] record - GET /client/list
[2017-07-17 17:13:11.698] [INFO] record - GET /user/list
[2017-07-17 17:13:11.749] [INFO] record - GET /role/list
[2017-07-17 17:13:12.940] [INFO] record - GET /user/list
[2017-07-17 17:13:13.117] [INFO] record - GET /client/list
[2017-07-17 17:13:13.602] [INFO] record - GET /role/list
[2017-07-17 17:13:14.873] [INFO] record - GET /version/list
[2017-07-17 17:13:16.769] [INFO] record - GET /bill/list
