[2017-07-10 10:50:47.794] [INFO] console - Express server listening on port 3000
[2017-07-10 10:53:45.109] [INFO] record - GET /islogin
[2017-07-10 10:53:47.141] [INFO] record - OPTIONS /login
[2017-07-10 10:53:47.289] [INFO] record - POST /login
[2017-07-10 10:53:47.436] [INFO] record - GET /role/list
[2017-07-10 10:53:54.857] [INFO] record - OPTIONS /role/update
[2017-07-10 10:53:54.934] [INFO] record - POST /role/update
[2017-07-10 10:53:55.042] [INFO] record - GET /role/list
[2017-07-10 10:54:13.565] [INFO] record - GET /user/list
[2017-07-10 10:54:13.618] [INFO] record - GET /client/list
[2017-07-10 10:54:13.680] [INFO] record - GET /role/list
[2017-07-10 10:54:14.658] [INFO] record - GET /user/list
[2017-07-10 10:54:14.669] [INFO] record - GET /client/list
[2017-07-10 10:54:15.312] [INFO] record - GET /role/list
[2017-07-10 10:54:16.013] [INFO] record - GET /version/list
[2017-07-10 10:54:16.853] [INFO] record - GET /role/list
[2017-07-10 10:54:22.796] [INFO] record - GET /user/list
[2017-07-10 10:54:22.810] [INFO] record - GET /client/list
[2017-07-10 10:54:22.829] [INFO] record - GET /role/list
[2017-07-10 10:54:23.939] [INFO] record - GET /user/list
[2017-07-10 10:54:23.945] [INFO] record - GET /client/list
[2017-07-10 10:54:27.576] [INFO] record - OPTIONS /client/service/list
[2017-07-10 10:54:27.628] [INFO] record - POST /client/service/list
[2017-07-10 10:54:29.240] [INFO] record - GET /user/list
[2017-07-10 10:54:29.266] [INFO] record - GET /client/list
[2017-07-10 10:54:29.996] [INFO] record - GET /version/list
[2017-07-10 10:54:31.442] [INFO] record - GET /role/list
[2017-07-10 10:55:24.962] [INFO] record - GET /logout
[2017-07-10 10:55:28.870] [INFO] record - OPTIONS /login
[2017-07-10 10:55:28.913] [INFO] record - POST /login
[2017-07-10 10:55:29.000] [INFO] record - GET /role/list
[2017-07-10 10:55:30.256] [INFO] record - GET /bill/list
[2017-07-10 10:55:32.246] [INFO] record - GET /user/list
[2017-07-10 10:55:32.281] [INFO] record - GET /client/list
[2017-07-10 10:55:32.297] [INFO] record - GET /role/list
[2017-07-10 10:55:34.292] [INFO] record - GET /bill/list
[2017-07-10 10:55:42.065] [INFO] record - GET /user/list
[2017-07-10 10:55:42.105] [INFO] record - GET /client/list
[2017-07-10 10:55:42.117] [INFO] record - GET /role/list
[2017-07-10 10:55:43.070] [INFO] record - GET /bill/list
[2017-07-10 10:55:44.346] [INFO] record - GET /user/list
[2017-07-10 10:55:44.386] [INFO] record - GET /client/list
[2017-07-10 10:55:44.405] [INFO] record - GET /role/list
[2017-07-10 10:55:45.469] [INFO] record - GET /role/list
[2017-07-10 10:55:46.216] [INFO] record - GET /version/list
[2017-07-10 10:55:51.026] [INFO] record - GET /user/list
[2017-07-10 10:55:51.036] [INFO] record - GET /client/list
[2017-07-10 10:55:51.055] [INFO] record - GET /role/list
[2017-07-10 10:55:55.542] [INFO] record - GET /logout
[2017-07-10 10:56:00.805] [INFO] record - OPTIONS /login
[2017-07-10 10:56:00.839] [INFO] record - POST /login
[2017-07-10 10:56:00.943] [INFO] record - GET /user/list
[2017-07-10 10:56:00.964] [INFO] record - GET /client/list
[2017-07-10 10:56:00.980] [INFO] record - GET /role/list
[2017-07-10 10:56:02.769] [INFO] record - GET /user/list
[2017-07-10 10:56:02.787] [INFO] record - GET /client/list
[2017-07-10 10:56:03.446] [INFO] record - GET /user/list
[2017-07-10 10:56:03.455] [INFO] record - GET /client/list
[2017-07-10 10:56:03.484] [INFO] record - GET /role/list
[2017-07-10 10:56:05.640] [INFO] record - GET /logout
[2017-07-10 10:56:10.847] [INFO] record - OPTIONS /login
[2017-07-10 10:56:10.892] [INFO] record - POST /login
[2017-07-10 10:56:11.022] [INFO] record - GET /user/list
[2017-07-10 10:56:11.022] [INFO] record - GET /client/list
[2017-07-10 10:56:11.049] [INFO] record - GET /role/list
[2017-07-10 13:45:52.492] [INFO] console - Express server listening on port 3000
